[6.031s] Invoking command in '/home/abdul/ros2_ws/src/rover_control': PYTHONPATH=/home/abdul/ros2_ws/build/rover_control/prefix_override:/home/abdul/ros2_ws/install/rover_control/lib/python3.10/site-packages:${PYTHONPATH} /usr/bin/python3 -W ignore:setup.py install is deprecated setup.py egg_info --egg-base ../../build/rover_control build --build-base /home/abdul/ros2_ws/build/rover_control/build install --record /home/abdul/ros2_ws/build/rover_control/install.log --single-version-externally-managed install_data
[8.513s] running egg_info
[8.523s] writing ../../build/rover_control/rover_control.egg-info/PKG-INFO
[8.527s] writing dependency_links to ../../build/rover_control/rover_control.egg-info/dependency_links.txt
[8.535s] writing entry points to ../../build/rover_control/rover_control.egg-info/entry_points.txt
[8.536s] writing requirements to ../../build/rover_control/rover_control.egg-info/requires.txt
[8.537s] writing top-level names to ../../build/rover_control/rover_control.egg-info/top_level.txt
[8.563s] reading manifest file '../../build/rover_control/rover_control.egg-info/SOURCES.txt'
[8.572s] writing manifest file '../../build/rover_control/rover_control.egg-info/SOURCES.txt'
[8.573s] running build
[8.574s] running build_py
[8.585s] running install
[8.594s] running install_lib
[8.657s] running install_data
[8.660s] running install_egg_info
[8.661s] removing '/home/abdul/ros2_ws/install/rover_control/lib/python3.10/site-packages/rover_control-0.0.0-py3.10.egg-info' (and everything under it)
[8.662s] Copying ../../build/rover_control/rover_control.egg-info to /home/abdul/ros2_ws/install/rover_control/lib/python3.10/site-packages/rover_control-0.0.0-py3.10.egg-info
[8.676s] running install_scripts
[9.418s] Installing rover_control_node script to /home/abdul/ros2_ws/install/rover_control/lib/rover_control
[9.435s] writing list of installed files to '/home/abdul/ros2_ws/build/rover_control/install.log'
[9.754s] Invoked command in '/home/abdul/ros2_ws/src/rover_control' returned '0': PYTHONPATH=/home/abdul/ros2_ws/build/rover_control/prefix_override:/home/abdul/ros2_ws/install/rover_control/lib/python3.10/site-packages:${PYTHONPATH} /usr/bin/python3 -W ignore:setup.py install is deprecated setup.py egg_info --egg-base ../../build/rover_control build --build-base /home/abdul/ros2_ws/build/rover_control/build install --record /home/abdul/ros2_ws/build/rover_control/install.log --single-version-externally-managed install_data
