[9.921s] Invoking command in '/home/abdul/ros2_ws/src/rover_control': PYTHONPATH=/home/abdul/ros2_ws/build/rover_control/prefix_override:/home/abdul/ros2_ws/install/rover_control/lib/python3.10/site-packages:${PYTHONPATH} /usr/bin/python3 -W ignore:setup.py install is deprecated setup.py egg_info --egg-base ../../build/rover_control build --build-base /home/abdul/ros2_ws/build/rover_control/build install --record /home/abdul/ros2_ws/build/rover_control/install.log --single-version-externally-managed install_data
[12.988s] running egg_info
[12.991s] writing ../../build/rover_control/rover_control.egg-info/PKG-INFO
[12.997s] writing dependency_links to ../../build/rover_control/rover_control.egg-info/dependency_links.txt
[13.028s] writing entry points to ../../build/rover_control/rover_control.egg-info/entry_points.txt
[13.030s] writing requirements to ../../build/rover_control/rover_control.egg-info/requires.txt
[13.031s] writing top-level names to ../../build/rover_control/rover_control.egg-info/top_level.txt
[13.045s] reading manifest file '../../build/rover_control/rover_control.egg-info/SOURCES.txt'
[13.050s] writing manifest file '../../build/rover_control/rover_control.egg-info/SOURCES.txt'
[13.051s] running build
[13.051s] running build_py
[13.056s] running install
[13.058s] running install_lib
[13.071s] running install_data
[13.074s] running install_egg_info
[13.091s] removing '/home/abdul/ros2_ws/install/rover_control/lib/python3.10/site-packages/rover_control-0.0.0-py3.10.egg-info' (and everything under it)
[13.106s] Copying ../../build/rover_control/rover_control.egg-info to /home/abdul/ros2_ws/install/rover_control/lib/python3.10/site-packages/rover_control-0.0.0-py3.10.egg-info
[13.117s] running install_scripts
[13.348s] Installing rover_control_node script to /home/abdul/ros2_ws/install/rover_control/lib/rover_control
[13.354s] writing list of installed files to '/home/abdul/ros2_ws/build/rover_control/install.log'
[13.915s] Invoked command in '/home/abdul/ros2_ws/src/rover_control' returned '0': PYTHONPATH=/home/abdul/ros2_ws/build/rover_control/prefix_override:/home/abdul/ros2_ws/install/rover_control/lib/python3.10/site-packages:${PYTHONPATH} /usr/bin/python3 -W ignore:setup.py install is deprecated setup.py egg_info --egg-base ../../build/rover_control build --build-base /home/abdul/ros2_ws/build/rover_control/build install --record /home/abdul/ros2_ws/build/rover_control/install.log --single-version-externally-managed install_data
