[4.672s] Invoking command in '/home/abdul/ros2_ws/src/encoder_reader': PYTHONPATH=/home/abdul/ros2_ws/build/encoder_reader/prefix_override:/home/abdul/ros2_ws/install/encoder_reader/lib/python3.10/site-packages:${PYTHONPATH} /usr/bin/python3 -W ignore:setup.py install is deprecated setup.py egg_info --egg-base ../../build/encoder_reader build --build-base /home/abdul/ros2_ws/build/encoder_reader/build install --record /home/abdul/ros2_ws/build/encoder_reader/install.log --single-version-externally-managed install_data
[6.018s] running egg_info
[6.021s] writing ../../build/encoder_reader/encoder_reader.egg-info/PKG-INFO
[6.023s] writing dependency_links to ../../build/encoder_reader/encoder_reader.egg-info/dependency_links.txt
[6.024s] writing entry points to ../../build/encoder_reader/encoder_reader.egg-info/entry_points.txt
[6.028s] writing requirements to ../../build/encoder_reader/encoder_reader.egg-info/requires.txt
[6.029s] writing top-level names to ../../build/encoder_reader/encoder_reader.egg-info/top_level.txt
[6.036s] reading manifest file '../../build/encoder_reader/encoder_reader.egg-info/SOURCES.txt'
[6.041s] writing manifest file '../../build/encoder_reader/encoder_reader.egg-info/SOURCES.txt'
[6.044s] running build
[6.046s] running build_py
[6.047s] running install
[6.049s] running install_lib
[6.054s] running install_data
[6.054s] running install_egg_info
[6.071s] removing '/home/abdul/ros2_ws/install/encoder_reader/lib/python3.10/site-packages/encoder_reader-0.0.0-py3.10.egg-info' (and everything under it)
[6.073s] Copying ../../build/encoder_reader/encoder_reader.egg-info to /home/abdul/ros2_ws/install/encoder_reader/lib/python3.10/site-packages/encoder_reader-0.0.0-py3.10.egg-info
[6.079s] running install_scripts
[6.181s] Installing encoder_reader_node script to /home/abdul/ros2_ws/install/encoder_reader/lib/encoder_reader
[6.189s] writing list of installed files to '/home/abdul/ros2_ws/build/encoder_reader/install.log'
[6.410s] Invoked command in '/home/abdul/ros2_ws/src/encoder_reader' returned '0': PYTHONPATH=/home/abdul/ros2_ws/build/encoder_reader/prefix_override:/home/abdul/ros2_ws/install/encoder_reader/lib/python3.10/site-packages:${PYTHONPATH} /usr/bin/python3 -W ignore:setup.py install is deprecated setup.py egg_info --egg-base ../../build/encoder_reader build --build-base /home/abdul/ros2_ws/build/encoder_reader/build install --record /home/abdul/ros2_ws/build/encoder_reader/install.log --single-version-externally-managed install_data
