[3.104s] Invoking command in '/home/abdul/ros2_ws/build/rover_control': PYTHONPATH=/home/abdul/ros2_ws/build/rover_control/prefix_override:/home/abdul/ros2_ws/install/rover_control/lib/python3.10/site-packages:${PYTHONPATH} /usr/bin/python3 -W ignore:setup.py install is deprecated setup.py develop --uninstall --editable --build-directory /home/abdul/ros2_ws/build/rover_control/build
[4.324s] running develop
[4.331s] /usr/lib/python3/dist-packages/setuptools/command/easy_install.py:158: EasyInstallDeprecationWarning: easy_install command is deprecated. Use build and pip and other standards-based tools.
[4.331s]   warnings.warn(
[5.178s] Removing /home/abdul/ros2_ws/install/rover_control/lib/python3.10/site-packages/rover-control.egg-link (link to .)
[5.318s] Invoked command in '/home/abdul/ros2_ws/build/rover_control' returned '0': PYTHONPATH=/home/abdul/ros2_ws/build/rover_control/prefix_override:/home/abdul/ros2_ws/install/rover_control/lib/python3.10/site-packages:${PYTHONPATH} /usr/bin/python3 -W ignore:setup.py install is deprecated setup.py develop --uninstall --editable --build-directory /home/abdul/ros2_ws/build/rover_control/build
[5.327s] Invoking command in '/home/abdul/ros2_ws/src/rover_control': PYTHONPATH=/home/abdul/ros2_ws/build/rover_control/prefix_override:/home/abdul/ros2_ws/install/rover_control/lib/python3.10/site-packages:${PYTHONPATH} /usr/bin/python3 -W ignore:setup.py install is deprecated setup.py egg_info --egg-base ../../build/rover_control build --build-base /home/abdul/ros2_ws/build/rover_control/build install --record /home/abdul/ros2_ws/build/rover_control/install.log --single-version-externally-managed install_data --force
[6.445s] running egg_info
[6.447s] writing ../../build/rover_control/rover_control.egg-info/PKG-INFO
[6.449s] writing dependency_links to ../../build/rover_control/rover_control.egg-info/dependency_links.txt
[6.450s] writing entry points to ../../build/rover_control/rover_control.egg-info/entry_points.txt
[6.451s] writing requirements to ../../build/rover_control/rover_control.egg-info/requires.txt
[6.452s] writing top-level names to ../../build/rover_control/rover_control.egg-info/top_level.txt
[6.460s] reading manifest file '../../build/rover_control/rover_control.egg-info/SOURCES.txt'
[6.466s] writing manifest file '../../build/rover_control/rover_control.egg-info/SOURCES.txt'
[6.467s] running build
[6.467s] running build_py
[6.470s] copying rover_control/rover_control_node.py -> /home/abdul/ros2_ws/build/rover_control/build/lib/rover_control
[6.472s] running install
[6.474s] running install_lib
[6.478s] creating /home/abdul/ros2_ws/install/rover_control/lib/python3.10/site-packages/rover_control
[6.479s] copying /home/abdul/ros2_ws/build/rover_control/build/lib/rover_control/rover_control_node.py -> /home/abdul/ros2_ws/install/rover_control/lib/python3.10/site-packages/rover_control
[6.479s] copying /home/abdul/ros2_ws/build/rover_control/build/lib/rover_control/__init__.py -> /home/abdul/ros2_ws/install/rover_control/lib/python3.10/site-packages/rover_control
[6.482s] byte-compiling /home/abdul/ros2_ws/install/rover_control/lib/python3.10/site-packages/rover_control/rover_control_node.py to rover_control_node.cpython-310.pyc
[6.487s] byte-compiling /home/abdul/ros2_ws/install/rover_control/lib/python3.10/site-packages/rover_control/__init__.py to __init__.cpython-310.pyc
[6.488s] running install_data
[6.488s] copying resource/rover_control -> /home/abdul/ros2_ws/install/rover_control/share/ament_index/resource_index/packages
[6.489s] copying package.xml -> /home/abdul/ros2_ws/install/rover_control/share/rover_control
[6.490s] running install_egg_info
[6.496s] Copying ../../build/rover_control/rover_control.egg-info to /home/abdul/ros2_ws/install/rover_control/lib/python3.10/site-packages/rover_control-0.0.0-py3.10.egg-info
[6.505s] running install_scripts
[6.589s] Installing rover_control_node script to /home/abdul/ros2_ws/install/rover_control/lib/rover_control
[6.591s] writing list of installed files to '/home/abdul/ros2_ws/build/rover_control/install.log'
[6.714s] Invoked command in '/home/abdul/ros2_ws/src/rover_control' returned '0': PYTHONPATH=/home/abdul/ros2_ws/build/rover_control/prefix_override:/home/abdul/ros2_ws/install/rover_control/lib/python3.10/site-packages:${PYTHONPATH} /usr/bin/python3 -W ignore:setup.py install is deprecated setup.py egg_info --egg-base ../../build/rover_control build --build-base /home/abdul/ros2_ws/build/rover_control/build install --record /home/abdul/ros2_ws/build/rover_control/install.log --single-version-externally-managed install_data --force
