[21.166s] DEBUG:colcon:Command line arguments: ['/usr/bin/colcon', 'build']
[21.167s] DEBUG:colcon:Parsed command line arguments: Namespace(log_base=None, log_level=None, verb_name='build', build_base='build', install_base='install', merge_install=False, symlink_install=False, test_result_base=None, continue_on_error=False, executor='parallel', parallel_workers=4, event_handlers=None, ignore_user_meta=False, metas=['./colcon.meta'], base_paths=['.'], packages_ignore=None, packages_ignore_regex=None, paths=None, packages_up_to=None, packages_up_to_regex=None, packages_above=None, packages_above_and_dependencies=None, packages_above_depth=None, packages_select_by_dep=None, packages_skip_by_dep=None, packages_skip_up_to=None, packages_select_build_failed=False, packages_skip_build_finished=False, packages_select_test_failures=False, packages_skip_test_passed=False, packages_select=None, packages_skip=None, packages_select_regex=None, packages_skip_regex=None, packages_start=None, packages_end=None, allow_overriding=[], cmake_args=None, cmake_target=None, cmake_target_skip_unavailable=False, cmake_clean_cache=False, cmake_clean_first=False, cmake_force_configure=False, ament_cmake_args=None, catkin_cmake_args=None, catkin_skip_building_tests=False, mixin_files=None, mixin=None, verb_parser=<colcon_mixin.mixin.mixin_argument.MixinArgumentDecorator object at 0xffffa3645f90>, verb_extension=<colcon_core.verb.build.BuildVerb object at 0xffffa3645a20>, main=<bound method BuildVerb.main of <colcon_core.verb.build.BuildVerb object at 0xffffa3645a20>>, mixin_verb=('build',))
[26.230s] Level 1:colcon.colcon_core.package_discovery:discover_packages(colcon_meta) check parameters
[26.231s] Level 1:colcon.colcon_core.package_discovery:discover_packages(recursive) check parameters
[26.233s] Level 1:colcon.colcon_core.package_discovery:discover_packages(ignore) check parameters
[26.234s] Level 1:colcon.colcon_core.package_discovery:discover_packages(path) check parameters
[26.234s] Level 1:colcon.colcon_core.package_discovery:discover_packages(colcon_meta) discover
[26.235s] Level 1:colcon.colcon_core.package_discovery:discover_packages(recursive) discover
[26.235s] INFO:colcon.colcon_core.package_discovery:Crawling recursively for packages in '/home/abdul/ros2_ws'
[26.236s] Level 1:colcon.colcon_core.package_identification:_identify(.) by extensions ['ignore', 'ignore_ament_install']
[26.238s] Level 1:colcon.colcon_core.package_identification:_identify(.) by extension 'ignore'
[26.240s] Level 1:colcon.colcon_core.package_identification:_identify(.) by extension 'ignore_ament_install'
[26.241s] Level 1:colcon.colcon_core.package_identification:_identify(.) by extensions ['colcon_pkg']
[26.242s] Level 1:colcon.colcon_core.package_identification:_identify(.) by extension 'colcon_pkg'
[26.243s] Level 1:colcon.colcon_core.package_identification:_identify(.) by extensions ['colcon_meta']
[26.243s] Level 1:colcon.colcon_core.package_identification:_identify(.) by extension 'colcon_meta'
[26.244s] Level 1:colcon.colcon_core.package_identification:_identify(.) by extensions ['ros']
[26.244s] Level 1:colcon.colcon_core.package_identification:_identify(.) by extension 'ros'
[26.378s] Level 1:colcon.colcon_core.package_identification:_identify(.) by extensions ['cmake', 'python']
[26.378s] Level 1:colcon.colcon_core.package_identification:_identify(.) by extension 'cmake'
[26.378s] Level 1:colcon.colcon_core.package_identification:_identify(.) by extension 'python'
[26.379s] Level 1:colcon.colcon_core.package_identification:_identify(.) by extensions ['python_setup_py']
[26.379s] Level 1:colcon.colcon_core.package_identification:_identify(.) by extension 'python_setup_py'
[26.379s] Level 1:colcon.colcon_core.package_identification:_identify(build) by extensions ['ignore', 'ignore_ament_install']
[26.380s] Level 1:colcon.colcon_core.package_identification:_identify(build) by extension 'ignore'
[26.380s] Level 1:colcon.colcon_core.package_identification:_identify(build) ignored
[26.381s] Level 1:colcon.colcon_core.package_identification:_identify(install) by extensions ['ignore', 'ignore_ament_install']
[26.382s] Level 1:colcon.colcon_core.package_identification:_identify(install) by extension 'ignore'
[26.382s] Level 1:colcon.colcon_core.package_identification:_identify(install) ignored
[26.383s] Level 1:colcon.colcon_core.package_identification:_identify(log) by extensions ['ignore', 'ignore_ament_install']
[26.383s] Level 1:colcon.colcon_core.package_identification:_identify(log) by extension 'ignore'
[26.383s] Level 1:colcon.colcon_core.package_identification:_identify(log) ignored
[26.384s] Level 1:colcon.colcon_core.package_identification:_identify(src) by extensions ['ignore', 'ignore_ament_install']
[26.384s] Level 1:colcon.colcon_core.package_identification:_identify(src) by extension 'ignore'
[26.385s] Level 1:colcon.colcon_core.package_identification:_identify(src) by extension 'ignore_ament_install'
[26.385s] Level 1:colcon.colcon_core.package_identification:_identify(src) by extensions ['colcon_pkg']
[26.385s] Level 1:colcon.colcon_core.package_identification:_identify(src) by extension 'colcon_pkg'
[26.386s] Level 1:colcon.colcon_core.package_identification:_identify(src) by extensions ['colcon_meta']
[26.386s] Level 1:colcon.colcon_core.package_identification:_identify(src) by extension 'colcon_meta'
[26.386s] Level 1:colcon.colcon_core.package_identification:_identify(src) by extensions ['ros']
[26.386s] Level 1:colcon.colcon_core.package_identification:_identify(src) by extension 'ros'
[26.387s] Level 1:colcon.colcon_core.package_identification:_identify(src) by extensions ['cmake', 'python']
[26.387s] Level 1:colcon.colcon_core.package_identification:_identify(src) by extension 'cmake'
[26.387s] Level 1:colcon.colcon_core.package_identification:_identify(src) by extension 'python'
[26.387s] Level 1:colcon.colcon_core.package_identification:_identify(src) by extensions ['python_setup_py']
[26.387s] Level 1:colcon.colcon_core.package_identification:_identify(src) by extension 'python_setup_py'
[26.388s] Level 1:colcon.colcon_core.package_identification:_identify(src/encoder_reader) by extensions ['ignore', 'ignore_ament_install']
[26.388s] Level 1:colcon.colcon_core.package_identification:_identify(src/encoder_reader) by extension 'ignore'
[26.389s] Level 1:colcon.colcon_core.package_identification:_identify(src/encoder_reader) by extension 'ignore_ament_install'
[26.389s] Level 1:colcon.colcon_core.package_identification:_identify(src/encoder_reader) by extensions ['colcon_pkg']
[26.389s] Level 1:colcon.colcon_core.package_identification:_identify(src/encoder_reader) by extension 'colcon_pkg'
[26.389s] Level 1:colcon.colcon_core.package_identification:_identify(src/encoder_reader) by extensions ['colcon_meta']
[26.389s] Level 1:colcon.colcon_core.package_identification:_identify(src/encoder_reader) by extension 'colcon_meta'
[26.390s] Level 1:colcon.colcon_core.package_identification:_identify(src/encoder_reader) by extensions ['ros']
[26.390s] Level 1:colcon.colcon_core.package_identification:_identify(src/encoder_reader) by extension 'ros'
[26.866s] DEBUG:colcon.colcon_core.package_identification:Package 'src/encoder_reader' with type 'ros.ament_python' and name 'encoder_reader'
[26.867s] Level 1:colcon.colcon_core.package_identification:_identify(src/rover_control) by extensions ['ignore', 'ignore_ament_install']
[26.868s] Level 1:colcon.colcon_core.package_identification:_identify(src/rover_control) by extension 'ignore'
[26.868s] Level 1:colcon.colcon_core.package_identification:_identify(src/rover_control) by extension 'ignore_ament_install'
[26.869s] Level 1:colcon.colcon_core.package_identification:_identify(src/rover_control) by extensions ['colcon_pkg']
[26.869s] Level 1:colcon.colcon_core.package_identification:_identify(src/rover_control) by extension 'colcon_pkg'
[26.870s] Level 1:colcon.colcon_core.package_identification:_identify(src/rover_control) by extensions ['colcon_meta']
[26.870s] Level 1:colcon.colcon_core.package_identification:_identify(src/rover_control) by extension 'colcon_meta'
[26.870s] Level 1:colcon.colcon_core.package_identification:_identify(src/rover_control) by extensions ['ros']
[26.870s] Level 1:colcon.colcon_core.package_identification:_identify(src/rover_control) by extension 'ros'
[26.908s] DEBUG:colcon.colcon_core.package_identification:Package 'src/rover_control' with type 'ros.ament_python' and name 'rover_control'
[26.909s] Level 1:colcon.colcon_core.package_discovery:discover_packages(recursive) using defaults
[26.910s] Level 1:colcon.colcon_core.package_discovery:discover_packages(ignore) discover
[26.910s] Level 1:colcon.colcon_core.package_discovery:discover_packages(ignore) using defaults
[26.911s] Level 1:colcon.colcon_core.package_discovery:discover_packages(path) discover
[26.911s] Level 1:colcon.colcon_core.package_discovery:discover_packages(path) using defaults
[30.662s] Level 1:colcon.colcon_core.package_discovery:discover_packages(prefix_path) check parameters
[30.662s] Level 1:colcon.colcon_core.package_discovery:discover_packages(prefix_path) discover
[30.758s] DEBUG:colcon.colcon_installed_package_information.package_discovery:Found 2 installed packages in /home/abdul/ros2_ws/install
[30.790s] DEBUG:colcon.colcon_installed_package_information.package_discovery:Found 270 installed packages in /opt/ros/humble
[30.797s] Level 1:colcon.colcon_core.package_discovery:discover_packages(prefix_path) using defaults
[31.267s] Level 5:colcon.colcon_core.verb:set package 'encoder_reader' build argument 'cmake_args' from command line to 'None'
[31.267s] Level 5:colcon.colcon_core.verb:set package 'encoder_reader' build argument 'cmake_target' from command line to 'None'
[31.268s] Level 5:colcon.colcon_core.verb:set package 'encoder_reader' build argument 'cmake_target_skip_unavailable' from command line to 'False'
[31.268s] Level 5:colcon.colcon_core.verb:set package 'encoder_reader' build argument 'cmake_clean_cache' from command line to 'False'
[31.268s] Level 5:colcon.colcon_core.verb:set package 'encoder_reader' build argument 'cmake_clean_first' from command line to 'False'
[31.268s] Level 5:colcon.colcon_core.verb:set package 'encoder_reader' build argument 'cmake_force_configure' from command line to 'False'
[31.268s] Level 5:colcon.colcon_core.verb:set package 'encoder_reader' build argument 'ament_cmake_args' from command line to 'None'
[31.268s] Level 5:colcon.colcon_core.verb:set package 'encoder_reader' build argument 'catkin_cmake_args' from command line to 'None'
[31.268s] Level 5:colcon.colcon_core.verb:set package 'encoder_reader' build argument 'catkin_skip_building_tests' from command line to 'False'
[31.268s] DEBUG:colcon.colcon_core.verb:Building package 'encoder_reader' with the following arguments: {'ament_cmake_args': None, 'build_base': '/home/abdul/ros2_ws/build/encoder_reader', 'catkin_cmake_args': None, 'catkin_skip_building_tests': False, 'cmake_args': None, 'cmake_clean_cache': False, 'cmake_clean_first': False, 'cmake_force_configure': False, 'cmake_target': None, 'cmake_target_skip_unavailable': False, 'install_base': '/home/abdul/ros2_ws/install/encoder_reader', 'merge_install': False, 'path': '/home/abdul/ros2_ws/src/encoder_reader', 'symlink_install': False, 'test_result_base': None}
[31.270s] Level 5:colcon.colcon_core.verb:set package 'rover_control' build argument 'cmake_args' from command line to 'None'
[31.270s] Level 5:colcon.colcon_core.verb:set package 'rover_control' build argument 'cmake_target' from command line to 'None'
[31.271s] Level 5:colcon.colcon_core.verb:set package 'rover_control' build argument 'cmake_target_skip_unavailable' from command line to 'False'
[31.271s] Level 5:colcon.colcon_core.verb:set package 'rover_control' build argument 'cmake_clean_cache' from command line to 'False'
[31.271s] Level 5:colcon.colcon_core.verb:set package 'rover_control' build argument 'cmake_clean_first' from command line to 'False'
[31.271s] Level 5:colcon.colcon_core.verb:set package 'rover_control' build argument 'cmake_force_configure' from command line to 'False'
[31.271s] Level 5:colcon.colcon_core.verb:set package 'rover_control' build argument 'ament_cmake_args' from command line to 'None'
[31.271s] Level 5:colcon.colcon_core.verb:set package 'rover_control' build argument 'catkin_cmake_args' from command line to 'None'
[31.271s] Level 5:colcon.colcon_core.verb:set package 'rover_control' build argument 'catkin_skip_building_tests' from command line to 'False'
[31.271s] DEBUG:colcon.colcon_core.verb:Building package 'rover_control' with the following arguments: {'ament_cmake_args': None, 'build_base': '/home/abdul/ros2_ws/build/rover_control', 'catkin_cmake_args': None, 'catkin_skip_building_tests': False, 'cmake_args': None, 'cmake_clean_cache': False, 'cmake_clean_first': False, 'cmake_force_configure': False, 'cmake_target': None, 'cmake_target_skip_unavailable': False, 'install_base': '/home/abdul/ros2_ws/install/rover_control', 'merge_install': False, 'path': '/home/abdul/ros2_ws/src/rover_control', 'symlink_install': False, 'test_result_base': None}
[31.272s] INFO:colcon.colcon_core.executor:Executing jobs using 'parallel' executor
[31.279s] DEBUG:colcon.colcon_parallel_executor.executor.parallel:run_until_complete
[31.289s] INFO:colcon.colcon_ros.task.ament_python.build:Building ROS package in '/home/abdul/ros2_ws/src/encoder_reader' with build type 'ament_python'
[31.292s] Level 1:colcon.colcon_core.shell:create_environment_hook('encoder_reader', 'ament_prefix_path')
[31.328s] INFO:colcon.colcon_core.plugin_system:Skipping extension 'colcon_core.shell.bat': Not used on non-Windows systems
[31.330s] INFO:colcon.colcon_core.shell:Creating environment hook '/home/abdul/ros2_ws/install/encoder_reader/share/encoder_reader/hook/ament_prefix_path.ps1'
[31.349s] INFO:colcon.colcon_core.shell:Creating environment descriptor '/home/abdul/ros2_ws/install/encoder_reader/share/encoder_reader/hook/ament_prefix_path.dsv'
[31.354s] INFO:colcon.colcon_core.shell:Creating environment hook '/home/abdul/ros2_ws/install/encoder_reader/share/encoder_reader/hook/ament_prefix_path.sh'
[31.362s] INFO:colcon.colcon_core.shell:Skip shell extension 'powershell' for command environment: Not usable outside of PowerShell
[31.362s] DEBUG:colcon.colcon_core.shell:Skip shell extension 'dsv' for command environment
[31.404s] INFO:colcon.colcon_ros.task.ament_python.build:Building ROS package in '/home/abdul/ros2_ws/src/rover_control' with build type 'ament_python'
[31.405s] Level 1:colcon.colcon_core.shell:create_environment_hook('rover_control', 'ament_prefix_path')
[31.407s] INFO:colcon.colcon_core.shell:Creating environment hook '/home/abdul/ros2_ws/install/rover_control/share/rover_control/hook/ament_prefix_path.ps1'
[31.410s] INFO:colcon.colcon_core.shell:Creating environment descriptor '/home/abdul/ros2_ws/install/rover_control/share/rover_control/hook/ament_prefix_path.dsv'
[31.413s] INFO:colcon.colcon_core.shell:Creating environment hook '/home/abdul/ros2_ws/install/rover_control/share/rover_control/hook/ament_prefix_path.sh'
[31.417s] INFO:colcon.colcon_core.shell:Skip shell extension 'powershell' for command environment: Not usable outside of PowerShell
[31.417s] DEBUG:colcon.colcon_core.shell:Skip shell extension 'dsv' for command environment
[36.641s] INFO:colcon.colcon_core.task.python.build:Building Python package in '/home/abdul/ros2_ws/src/encoder_reader'
[36.643s] INFO:colcon.colcon_core.shell:Skip shell extension 'powershell' for command environment: Not usable outside of PowerShell
[36.643s] DEBUG:colcon.colcon_core.shell:Skip shell extension 'dsv' for command environment
[38.248s] INFO:colcon.colcon_core.task.python.build:Building Python package in '/home/abdul/ros2_ws/src/rover_control'
[38.249s] INFO:colcon.colcon_core.shell:Skip shell extension 'powershell' for command environment: Not usable outside of PowerShell
[38.250s] DEBUG:colcon.colcon_core.shell:Skip shell extension 'dsv' for command environment
[46.616s] DEBUG:colcon.colcon_core.event_handler.log_command:Invoking command in '/home/abdul/ros2_ws/src/encoder_reader': PYTHONPATH=/home/abdul/ros2_ws/build/encoder_reader/prefix_override:/home/abdul/ros2_ws/install/encoder_reader/lib/python3.10/site-packages:${PYTHONPATH} /usr/bin/python3 -W ignore:setup.py install is deprecated setup.py egg_info --egg-base ../../build/encoder_reader build --build-base /home/abdul/ros2_ws/build/encoder_reader/build install --record /home/abdul/ros2_ws/build/encoder_reader/install.log --single-version-externally-managed install_data
[46.780s] DEBUG:colcon.colcon_core.event_handler.log_command:Invoking command in '/home/abdul/ros2_ws/src/rover_control': PYTHONPATH=/home/abdul/ros2_ws/build/rover_control/prefix_override:/home/abdul/ros2_ws/install/rover_control/lib/python3.10/site-packages:${PYTHONPATH} /usr/bin/python3 -W ignore:setup.py install is deprecated setup.py egg_info --egg-base ../../build/rover_control build --build-base /home/abdul/ros2_ws/build/rover_control/build install --record /home/abdul/ros2_ws/build/rover_control/install.log --single-version-externally-managed install_data
[56.369s] DEBUG:colcon.colcon_core.event_handler.log_command:Invoked command in '/home/abdul/ros2_ws/src/encoder_reader' returned '0': PYTHONPATH=/home/abdul/ros2_ws/build/encoder_reader/prefix_override:/home/abdul/ros2_ws/install/encoder_reader/lib/python3.10/site-packages:${PYTHONPATH} /usr/bin/python3 -W ignore:setup.py install is deprecated setup.py egg_info --egg-base ../../build/encoder_reader build --build-base /home/abdul/ros2_ws/build/encoder_reader/build install --record /home/abdul/ros2_ws/build/encoder_reader/install.log --single-version-externally-managed install_data
[56.444s] Level 1:colcon.colcon_core.environment:checking '/home/abdul/ros2_ws/install/encoder_reader' for CMake module files
[56.448s] Level 1:colcon.colcon_core.environment:checking '/home/abdul/ros2_ws/install/encoder_reader' for CMake config files
[56.453s] Level 1:colcon.colcon_core.environment:checking '/home/abdul/ros2_ws/install/encoder_reader/lib'
[56.455s] Level 1:colcon.colcon_core.environment:checking '/home/abdul/ros2_ws/install/encoder_reader/bin'
[56.456s] Level 1:colcon.colcon_core.environment:checking '/home/abdul/ros2_ws/install/encoder_reader/lib/pkgconfig/encoder_reader.pc'
[56.458s] Level 1:colcon.colcon_core.environment:checking '/home/abdul/ros2_ws/install/encoder_reader/lib/python3.10/site-packages'
[56.458s] Level 1:colcon.colcon_core.shell:create_environment_hook('encoder_reader', 'pythonpath')
[56.459s] INFO:colcon.colcon_core.shell:Creating environment hook '/home/abdul/ros2_ws/install/encoder_reader/share/encoder_reader/hook/pythonpath.ps1'
[56.472s] INFO:colcon.colcon_core.shell:Creating environment descriptor '/home/abdul/ros2_ws/install/encoder_reader/share/encoder_reader/hook/pythonpath.dsv'
[56.481s] INFO:colcon.colcon_core.shell:Creating environment hook '/home/abdul/ros2_ws/install/encoder_reader/share/encoder_reader/hook/pythonpath.sh'
[56.488s] Level 1:colcon.colcon_core.environment:checking '/home/abdul/ros2_ws/install/encoder_reader/bin'
[56.488s] Level 1:colcon.colcon_core.environment:create_environment_scripts_only(encoder_reader)
[56.491s] INFO:colcon.colcon_core.shell:Creating package script '/home/abdul/ros2_ws/install/encoder_reader/share/encoder_reader/package.ps1'
[56.498s] INFO:colcon.colcon_core.shell:Creating package descriptor '/home/abdul/ros2_ws/install/encoder_reader/share/encoder_reader/package.dsv'
[56.504s] INFO:colcon.colcon_core.shell:Creating package script '/home/abdul/ros2_ws/install/encoder_reader/share/encoder_reader/package.sh'
[56.508s] INFO:colcon.colcon_core.shell:Creating package script '/home/abdul/ros2_ws/install/encoder_reader/share/encoder_reader/package.bash'
[56.515s] INFO:colcon.colcon_core.shell:Creating package script '/home/abdul/ros2_ws/install/encoder_reader/share/encoder_reader/package.zsh'
[56.524s] Level 1:colcon.colcon_core.environment:create_file_with_runtime_dependencies(/home/abdul/ros2_ws/install/encoder_reader/share/colcon-core/packages/encoder_reader)
[56.531s] Level 1:colcon.colcon_core.environment:checking '/home/abdul/ros2_ws/install/rover_control' for CMake module files
[56.534s] DEBUG:colcon.colcon_core.event_handler.log_command:Invoked command in '/home/abdul/ros2_ws/src/rover_control' returned '0': PYTHONPATH=/home/abdul/ros2_ws/build/rover_control/prefix_override:/home/abdul/ros2_ws/install/rover_control/lib/python3.10/site-packages:${PYTHONPATH} /usr/bin/python3 -W ignore:setup.py install is deprecated setup.py egg_info --egg-base ../../build/rover_control build --build-base /home/abdul/ros2_ws/build/rover_control/build install --record /home/abdul/ros2_ws/build/rover_control/install.log --single-version-externally-managed install_data
[56.537s] Level 1:colcon.colcon_core.environment:checking '/home/abdul/ros2_ws/install/rover_control' for CMake config files
[56.541s] Level 1:colcon.colcon_core.environment:checking '/home/abdul/ros2_ws/install/rover_control/lib'
[56.542s] Level 1:colcon.colcon_core.environment:checking '/home/abdul/ros2_ws/install/rover_control/bin'
[56.542s] Level 1:colcon.colcon_core.environment:checking '/home/abdul/ros2_ws/install/rover_control/lib/pkgconfig/rover_control.pc'
[56.543s] Level 1:colcon.colcon_core.environment:checking '/home/abdul/ros2_ws/install/rover_control/lib/python3.10/site-packages'
[56.544s] Level 1:colcon.colcon_core.shell:create_environment_hook('rover_control', 'pythonpath')
[56.545s] INFO:colcon.colcon_core.shell:Creating environment hook '/home/abdul/ros2_ws/install/rover_control/share/rover_control/hook/pythonpath.ps1'
[56.547s] INFO:colcon.colcon_core.shell:Creating environment descriptor '/home/abdul/ros2_ws/install/rover_control/share/rover_control/hook/pythonpath.dsv'
[56.549s] INFO:colcon.colcon_core.shell:Creating environment hook '/home/abdul/ros2_ws/install/rover_control/share/rover_control/hook/pythonpath.sh'
[56.552s] Level 1:colcon.colcon_core.environment:checking '/home/abdul/ros2_ws/install/rover_control/bin'
[56.553s] Level 1:colcon.colcon_core.environment:create_environment_scripts_only(rover_control)
[56.554s] INFO:colcon.colcon_core.shell:Creating package script '/home/abdul/ros2_ws/install/rover_control/share/rover_control/package.ps1'
[56.557s] INFO:colcon.colcon_core.shell:Creating package descriptor '/home/abdul/ros2_ws/install/rover_control/share/rover_control/package.dsv'
[56.559s] INFO:colcon.colcon_core.shell:Creating package script '/home/abdul/ros2_ws/install/rover_control/share/rover_control/package.sh'
[56.562s] INFO:colcon.colcon_core.shell:Creating package script '/home/abdul/ros2_ws/install/rover_control/share/rover_control/package.bash'
[56.564s] INFO:colcon.colcon_core.shell:Creating package script '/home/abdul/ros2_ws/install/rover_control/share/rover_control/package.zsh'
[56.566s] Level 1:colcon.colcon_core.environment:create_file_with_runtime_dependencies(/home/abdul/ros2_ws/install/rover_control/share/colcon-core/packages/rover_control)
[56.567s] DEBUG:colcon.colcon_parallel_executor.executor.parallel:closing loop
[56.569s] DEBUG:colcon.colcon_parallel_executor.executor.parallel:loop closed
[56.569s] DEBUG:colcon.colcon_parallel_executor.executor.parallel:run_until_complete finished with '0'
[56.570s] DEBUG:colcon.colcon_core.event_reactor:joining thread
[56.669s] INFO:colcon.colcon_core.plugin_system:Skipping extension 'colcon_notification.desktop_notification.terminal_notifier': Not used on non-Darwin systems
[56.670s] INFO:colcon.colcon_core.plugin_system:Skipping extension 'colcon_notification.desktop_notification.win32': Not used on non-Windows systems
[56.670s] INFO:colcon.colcon_notification.desktop_notification:Sending desktop notification using 'notify2'
[61.487s] DEBUG:colcon.colcon_core.event_reactor:joined thread
[61.489s] INFO:colcon.colcon_core.shell:Creating prefix script '/home/abdul/ros2_ws/install/local_setup.ps1'
[61.500s] INFO:colcon.colcon_core.shell:Creating prefix util module '/home/abdul/ros2_ws/install/_local_setup_util_ps1.py'
[61.514s] INFO:colcon.colcon_core.shell:Creating prefix chain script '/home/abdul/ros2_ws/install/setup.ps1'
[61.526s] INFO:colcon.colcon_core.shell:Creating prefix script '/home/abdul/ros2_ws/install/local_setup.sh'
[61.533s] INFO:colcon.colcon_core.shell:Creating prefix util module '/home/abdul/ros2_ws/install/_local_setup_util_sh.py'
[61.536s] INFO:colcon.colcon_core.shell:Creating prefix chain script '/home/abdul/ros2_ws/install/setup.sh'
[61.546s] INFO:colcon.colcon_core.shell:Creating prefix script '/home/abdul/ros2_ws/install/local_setup.bash'
[61.555s] INFO:colcon.colcon_core.shell:Creating prefix chain script '/home/abdul/ros2_ws/install/setup.bash'
[61.564s] INFO:colcon.colcon_core.shell:Creating prefix script '/home/abdul/ros2_ws/install/local_setup.zsh'
[61.567s] INFO:colcon.colcon_core.shell:Creating prefix chain script '/home/abdul/ros2_ws/install/setup.zsh'
