[5.151s] Invoking command in '/home/abdul/ros2_ws/src/rover_control': PYTHONPATH=/home/abdul/ros2_ws/build/rover_control/prefix_override:/home/abdul/ros2_ws/install/rover_control/lib/python3.10/site-packages:${PYTHONPATH} /usr/bin/python3 -W ignore:setup.py install is deprecated setup.py egg_info --egg-base ../../build/rover_control build --build-base /home/abdul/ros2_ws/build/rover_control/build install --record /home/abdul/ros2_ws/build/rover_control/install.log --single-version-externally-managed install_data
[6.750s] running egg_info
[6.765s] writing ../../build/rover_control/rover_control.egg-info/PKG-INFO
[6.768s] writing dependency_links to ../../build/rover_control/rover_control.egg-info/dependency_links.txt
[6.773s] writing entry points to ../../build/rover_control/rover_control.egg-info/entry_points.txt
[6.774s] writing requirements to ../../build/rover_control/rover_control.egg-info/requires.txt
[6.774s] writing top-level names to ../../build/rover_control/rover_control.egg-info/top_level.txt
[6.799s] reading manifest file '../../build/rover_control/rover_control.egg-info/SOURCES.txt'
[6.813s] writing manifest file '../../build/rover_control/rover_control.egg-info/SOURCES.txt'
[6.818s] running build
[6.820s] running build_py
[6.824s] copying rover_control/pid_control_node.py -> /home/abdul/ros2_ws/build/rover_control/build/lib/rover_control
[6.833s] running install
[6.841s] running install_lib
[6.850s] copying /home/abdul/ros2_ws/build/rover_control/build/lib/rover_control/pid_control_node.py -> /home/abdul/ros2_ws/install/rover_control/lib/python3.10/site-packages/rover_control
[6.865s] byte-compiling /home/abdul/ros2_ws/install/rover_control/lib/python3.10/site-packages/rover_control/pid_control_node.py to pid_control_node.cpython-310.pyc
[6.872s] running install_data
[6.879s] running install_egg_info
[6.886s] removing '/home/abdul/ros2_ws/install/rover_control/lib/python3.10/site-packages/rover_control-0.0.0-py3.10.egg-info' (and everything under it)
[6.892s] Copying ../../build/rover_control/rover_control.egg-info to /home/abdul/ros2_ws/install/rover_control/lib/python3.10/site-packages/rover_control-0.0.0-py3.10.egg-info
[6.908s] running install_scripts
[7.155s] Installing pid_control_node script to /home/abdul/ros2_ws/install/rover_control/lib/rover_control
[7.161s] Installing rover_control_node script to /home/abdul/ros2_ws/install/rover_control/lib/rover_control
[7.169s] writing list of installed files to '/home/abdul/ros2_ws/build/rover_control/install.log'
[7.441s] Invoked command in '/home/abdul/ros2_ws/src/rover_control' returned '0': PYTHONPATH=/home/abdul/ros2_ws/build/rover_control/prefix_override:/home/abdul/ros2_ws/install/rover_control/lib/python3.10/site-packages:${PYTHONPATH} /usr/bin/python3 -W ignore:setup.py install is deprecated setup.py egg_info --egg-base ../../build/rover_control build --build-base /home/abdul/ros2_ws/build/rover_control/build install --record /home/abdul/ros2_ws/build/rover_control/install.log --single-version-externally-managed install_data
