[4.801s] Invoking command in '/home/abdul/ros2_ws/src/rover_control': PYTHONPATH=/home/abdul/ros2_ws/build/rover_control/prefix_override:/home/abdul/ros2_ws/install/rover_control/lib/python3.10/site-packages:${PYTHONPATH} /usr/bin/python3 -W ignore:setup.py install is deprecated setup.py egg_info --egg-base ../../build/rover_control build --build-base /home/abdul/ros2_ws/build/rover_control/build install --record /home/abdul/ros2_ws/build/rover_control/install.log --single-version-externally-managed install_data
[6.128s] running egg_info
[6.132s] writing ../../build/rover_control/rover_control.egg-info/PKG-INFO
[6.137s] writing dependency_links to ../../build/rover_control/rover_control.egg-info/dependency_links.txt
[6.140s] writing entry points to ../../build/rover_control/rover_control.egg-info/entry_points.txt
[6.142s] writing requirements to ../../build/rover_control/rover_control.egg-info/requires.txt
[6.145s] writing top-level names to ../../build/rover_control/rover_control.egg-info/top_level.txt
[6.164s] reading manifest file '../../build/rover_control/rover_control.egg-info/SOURCES.txt'
[6.174s] writing manifest file '../../build/rover_control/rover_control.egg-info/SOURCES.txt'
[6.175s] running build
[6.176s] running build_py
[6.178s] running install
[6.179s] running install_lib
[6.186s] running install_data
[6.187s] running install_egg_info
[6.198s] removing '/home/abdul/ros2_ws/install/rover_control/lib/python3.10/site-packages/rover_control-0.0.0-py3.10.egg-info' (and everything under it)
[6.202s] Copying ../../build/rover_control/rover_control.egg-info to /home/abdul/ros2_ws/install/rover_control/lib/python3.10/site-packages/rover_control-0.0.0-py3.10.egg-info
[6.216s] running install_scripts
[6.336s] Installing pid_control_node script to /home/abdul/ros2_ws/install/rover_control/lib/rover_control
[6.338s] Installing rover_control_node script to /home/abdul/ros2_ws/install/rover_control/lib/rover_control
[6.342s] writing list of installed files to '/home/abdul/ros2_ws/build/rover_control/install.log'
[6.575s] Invoked command in '/home/abdul/ros2_ws/src/rover_control' returned '0': PYTHONPATH=/home/abdul/ros2_ws/build/rover_control/prefix_override:/home/abdul/ros2_ws/install/rover_control/lib/python3.10/site-packages:${PYTHONPATH} /usr/bin/python3 -W ignore:setup.py install is deprecated setup.py egg_info --egg-base ../../build/rover_control build --build-base /home/abdul/ros2_ws/build/rover_control/build install --record /home/abdul/ros2_ws/build/rover_control/install.log --single-version-externally-managed install_data
