[3.119s] Invoking command in '/home/abdul/ros2_ws/src/rover_control': PYTHONPATH=/home/abdul/ros2_ws/build/rover_control/prefix_override:/home/abdul/ros2_ws/install/rover_control/lib/python3.10/site-packages:${PYTHONPATH} /usr/bin/python3 -W ignore:setup.py install is deprecated setup.py egg_info --egg-base ../../build/rover_control build --build-base /home/abdul/ros2_ws/build/rover_control/build install --record /home/abdul/ros2_ws/build/rover_control/install.log --single-version-externally-managed install_data
[4.232s] running egg_info
[4.234s] creating ../../build/rover_control/rover_control.egg-info
[4.235s] writing ../../build/rover_control/rover_control.egg-info/PKG-INFO
[4.236s] writing dependency_links to ../../build/rover_control/rover_control.egg-info/dependency_links.txt
[4.236s] writing entry points to ../../build/rover_control/rover_control.egg-info/entry_points.txt
[4.237s] writing requirements to ../../build/rover_control/rover_control.egg-info/requires.txt
[4.237s] writing top-level names to ../../build/rover_control/rover_control.egg-info/top_level.txt
[4.239s] writing manifest file '../../build/rover_control/rover_control.egg-info/SOURCES.txt'
[4.246s] reading manifest file '../../build/rover_control/rover_control.egg-info/SOURCES.txt'
[4.249s] writing manifest file '../../build/rover_control/rover_control.egg-info/SOURCES.txt'
[4.249s] running build
[4.250s] running build_py
[4.250s] creating /home/abdul/ros2_ws/build/rover_control/build
[4.251s] creating /home/abdul/ros2_ws/build/rover_control/build/lib
[4.251s] creating /home/abdul/ros2_ws/build/rover_control/build/lib/rover_control
[4.252s] copying rover_control/rover_control_node.py -> /home/abdul/ros2_ws/build/rover_control/build/lib/rover_control
[4.252s] copying rover_control/__init__.py -> /home/abdul/ros2_ws/build/rover_control/build/lib/rover_control
[4.253s] running install
[4.254s] running install_lib
[4.259s] creating /home/abdul/ros2_ws/install/rover_control/lib/python3.10/site-packages/rover_control
[4.259s] copying /home/abdul/ros2_ws/build/rover_control/build/lib/rover_control/rover_control_node.py -> /home/abdul/ros2_ws/install/rover_control/lib/python3.10/site-packages/rover_control
[4.261s] copying /home/abdul/ros2_ws/build/rover_control/build/lib/rover_control/__init__.py -> /home/abdul/ros2_ws/install/rover_control/lib/python3.10/site-packages/rover_control
[4.264s] byte-compiling /home/abdul/ros2_ws/install/rover_control/lib/python3.10/site-packages/rover_control/rover_control_node.py to rover_control_node.cpython-310.pyc
[4.268s] byte-compiling /home/abdul/ros2_ws/install/rover_control/lib/python3.10/site-packages/rover_control/__init__.py to __init__.cpython-310.pyc
[4.269s] running install_data
[4.269s] creating /home/abdul/ros2_ws/install/rover_control/share/ament_index
[4.270s] creating /home/abdul/ros2_ws/install/rover_control/share/ament_index/resource_index
[4.270s] creating /home/abdul/ros2_ws/install/rover_control/share/ament_index/resource_index/packages
[4.271s] copying resource/rover_control -> /home/abdul/ros2_ws/install/rover_control/share/ament_index/resource_index/packages
[4.271s] copying package.xml -> /home/abdul/ros2_ws/install/rover_control/share/rover_control
[4.272s] running install_egg_info
[4.278s] Copying ../../build/rover_control/rover_control.egg-info to /home/abdul/ros2_ws/install/rover_control/lib/python3.10/site-packages/rover_control-0.0.0-py3.10.egg-info
[4.283s] running install_scripts
[4.365s] Installing rover_control_node script to /home/abdul/ros2_ws/install/rover_control/lib/rover_control
[4.367s] writing list of installed files to '/home/abdul/ros2_ws/build/rover_control/install.log'
[4.491s] Invoked command in '/home/abdul/ros2_ws/src/rover_control' returned '0': PYTHONPATH=/home/abdul/ros2_ws/build/rover_control/prefix_override:/home/abdul/ros2_ws/install/rover_control/lib/python3.10/site-packages:${PYTHONPATH} /usr/bin/python3 -W ignore:setup.py install is deprecated setup.py egg_info --egg-base ../../build/rover_control build --build-base /home/abdul/ros2_ws/build/rover_control/build install --record /home/abdul/ros2_ws/build/rover_control/install.log --single-version-externally-managed install_data
