[9.918s] Invoking command in '/home/abdul/ros2_ws/src/encoder_reader': PYTHONPATH=/home/abdul/ros2_ws/build/encoder_reader/prefix_override:/home/abdul/ros2_ws/install/encoder_reader/lib/python3.10/site-packages:${PYTHONPATH} /usr/bin/python3 -W ignore:setup.py install is deprecated setup.py egg_info --egg-base ../../build/encoder_reader build --build-base /home/abdul/ros2_ws/build/encoder_reader/build install --record /home/abdul/ros2_ws/build/encoder_reader/install.log --single-version-externally-managed install_data
[13.061s] running egg_info
[13.064s] writing ../../build/encoder_reader/encoder_reader.egg-info/PKG-INFO
[13.069s] writing dependency_links to ../../build/encoder_reader/encoder_reader.egg-info/dependency_links.txt
[13.070s] writing entry points to ../../build/encoder_reader/encoder_reader.egg-info/entry_points.txt
[13.071s] writing requirements to ../../build/encoder_reader/encoder_reader.egg-info/requires.txt
[13.071s] writing top-level names to ../../build/encoder_reader/encoder_reader.egg-info/top_level.txt
[13.117s] reading manifest file '../../build/encoder_reader/encoder_reader.egg-info/SOURCES.txt'
[13.124s] writing manifest file '../../build/encoder_reader/encoder_reader.egg-info/SOURCES.txt'
[13.125s] running build
[13.125s] running build_py
[13.130s] copying encoder_reader/encoder_reader_node.py -> /home/abdul/ros2_ws/build/encoder_reader/build/lib/encoder_reader
[13.133s] running install
[13.134s] running install_lib
[13.139s] copying /home/abdul/ros2_ws/build/encoder_reader/build/lib/encoder_reader/encoder_reader_node.py -> /home/abdul/ros2_ws/install/encoder_reader/lib/python3.10/site-packages/encoder_reader
[13.144s] byte-compiling /home/abdul/ros2_ws/install/encoder_reader/lib/python3.10/site-packages/encoder_reader/encoder_reader_node.py to encoder_reader_node.cpython-310.pyc
[13.147s] running install_data
[13.154s] running install_egg_info
[13.172s] removing '/home/abdul/ros2_ws/install/encoder_reader/lib/python3.10/site-packages/encoder_reader-0.0.0-py3.10.egg-info' (and everything under it)
[13.178s] Copying ../../build/encoder_reader/encoder_reader.egg-info to /home/abdul/ros2_ws/install/encoder_reader/lib/python3.10/site-packages/encoder_reader-0.0.0-py3.10.egg-info
[13.187s] running install_scripts
[13.420s] Installing encoder_reader_node script to /home/abdul/ros2_ws/install/encoder_reader/lib/encoder_reader
[13.424s] writing list of installed files to '/home/abdul/ros2_ws/build/encoder_reader/install.log'
[13.731s] Invoked command in '/home/abdul/ros2_ws/src/encoder_reader' returned '0': PYTHONPATH=/home/abdul/ros2_ws/build/encoder_reader/prefix_override:/home/abdul/ros2_ws/install/encoder_reader/lib/python3.10/site-packages:${PYTHONPATH} /usr/bin/python3 -W ignore:setup.py install is deprecated setup.py egg_info --egg-base ../../build/encoder_reader build --build-base /home/abdul/ros2_ws/build/encoder_reader/build install --record /home/abdul/ros2_ws/build/encoder_reader/install.log --single-version-externally-managed install_data
