[4.699s] Invoking command in '/home/abdul/ros2_ws/src/rover_control': PYTHONPATH=/home/abdul/ros2_ws/build/rover_control/prefix_override:/home/abdul/ros2_ws/install/rover_control/lib/python3.10/site-packages:${PYTHONPATH} /usr/bin/python3 -W ignore:setup.py install is deprecated setup.py egg_info --egg-base ../../build/rover_control build --build-base /home/abdul/ros2_ws/build/rover_control/build install --record /home/abdul/ros2_ws/build/rover_control/install.log --single-version-externally-managed install_data
[6.047s] running egg_info
[6.053s] writing ../../build/rover_control/rover_control.egg-info/PKG-INFO
[6.054s] writing dependency_links to ../../build/rover_control/rover_control.egg-info/dependency_links.txt
[6.056s] writing entry points to ../../build/rover_control/rover_control.egg-info/entry_points.txt
[6.058s] writing requirements to ../../build/rover_control/rover_control.egg-info/requires.txt
[6.058s] writing top-level names to ../../build/rover_control/rover_control.egg-info/top_level.txt
[6.066s] reading manifest file '../../build/rover_control/rover_control.egg-info/SOURCES.txt'
[6.071s] writing manifest file '../../build/rover_control/rover_control.egg-info/SOURCES.txt'
[6.072s] running build
[6.073s] running build_py
[6.075s] copying rover_control/pid_control_node.py -> /home/abdul/ros2_ws/build/rover_control/build/lib/rover_control
[6.077s] running install
[6.077s] running install_lib
[6.081s] copying /home/abdul/ros2_ws/build/rover_control/build/lib/rover_control/pid_control_node.py -> /home/abdul/ros2_ws/install/rover_control/lib/python3.10/site-packages/rover_control
[6.084s] byte-compiling /home/abdul/ros2_ws/install/rover_control/lib/python3.10/site-packages/rover_control/pid_control_node.py to pid_control_node.cpython-310.pyc
[6.088s] running install_data
[6.089s] running install_egg_info
[6.097s] removing '/home/abdul/ros2_ws/install/rover_control/lib/python3.10/site-packages/rover_control-0.0.0-py3.10.egg-info' (and everything under it)
[6.099s] Copying ../../build/rover_control/rover_control.egg-info to /home/abdul/ros2_ws/install/rover_control/lib/python3.10/site-packages/rover_control-0.0.0-py3.10.egg-info
[6.115s] running install_scripts
[6.231s] Installing pid_control_node script to /home/abdul/ros2_ws/install/rover_control/lib/rover_control
[6.233s] Installing rover_control_node script to /home/abdul/ros2_ws/install/rover_control/lib/rover_control
[6.235s] writing list of installed files to '/home/abdul/ros2_ws/build/rover_control/install.log'
[6.503s] Invoked command in '/home/abdul/ros2_ws/src/rover_control' returned '0': PYTHONPATH=/home/abdul/ros2_ws/build/rover_control/prefix_override:/home/abdul/ros2_ws/install/rover_control/lib/python3.10/site-packages:${PYTHONPATH} /usr/bin/python3 -W ignore:setup.py install is deprecated setup.py egg_info --egg-base ../../build/rover_control build --build-base /home/abdul/ros2_ws/build/rover_control/build install --record /home/abdul/ros2_ws/build/rover_control/install.log --single-version-externally-managed install_data
