[4.609s] Invoking command in '/home/abdul/ros2_ws/src/encoder_reader': PYTHONPATH=/home/abdul/ros2_ws/build/encoder_reader/prefix_override:/home/abdul/ros2_ws/install/encoder_reader/lib/python3.10/site-packages:${PYTHONPATH} /usr/bin/python3 -W ignore:setup.py install is deprecated setup.py egg_info --egg-base ../../build/encoder_reader build --build-base /home/abdul/ros2_ws/build/encoder_reader/build install --record /home/abdul/ros2_ws/build/encoder_reader/install.log --single-version-externally-managed install_data
[5.959s] running egg_info
[5.962s] writing ../../build/encoder_reader/encoder_reader.egg-info/PKG-INFO
[5.981s] writing dependency_links to ../../build/encoder_reader/encoder_reader.egg-info/dependency_links.txt
[5.984s] writing entry points to ../../build/encoder_reader/encoder_reader.egg-info/entry_points.txt
[5.990s] writing requirements to ../../build/encoder_reader/encoder_reader.egg-info/requires.txt
[5.990s] writing top-level names to ../../build/encoder_reader/encoder_reader.egg-info/top_level.txt
[6.016s] reading manifest file '../../build/encoder_reader/encoder_reader.egg-info/SOURCES.txt'
[6.017s] writing manifest file '../../build/encoder_reader/encoder_reader.egg-info/SOURCES.txt'
[6.018s] running build
[6.019s] running build_py
[6.020s] running install
[6.025s] running install_lib
[6.027s] running install_data
[6.028s] running install_egg_info
[6.034s] removing '/home/abdul/ros2_ws/install/encoder_reader/lib/python3.10/site-packages/encoder_reader-0.0.0-py3.10.egg-info' (and everything under it)
[6.034s] Copying ../../build/encoder_reader/encoder_reader.egg-info to /home/abdul/ros2_ws/install/encoder_reader/lib/python3.10/site-packages/encoder_reader-0.0.0-py3.10.egg-info
[6.035s] running install_scripts
[6.122s] Installing encoder_reader_node script to /home/abdul/ros2_ws/install/encoder_reader/lib/encoder_reader
[6.126s] writing list of installed files to '/home/abdul/ros2_ws/build/encoder_reader/install.log'
[6.407s] Invoked command in '/home/abdul/ros2_ws/src/encoder_reader' returned '0': PYTHONPATH=/home/abdul/ros2_ws/build/encoder_reader/prefix_override:/home/abdul/ros2_ws/install/encoder_reader/lib/python3.10/site-packages:${PYTHONPATH} /usr/bin/python3 -W ignore:setup.py install is deprecated setup.py egg_info --egg-base ../../build/encoder_reader build --build-base /home/abdul/ros2_ws/build/encoder_reader/build install --record /home/abdul/ros2_ws/build/encoder_reader/install.log --single-version-externally-managed install_data
