[1.879s] DEBUG:colcon:Command line arguments: ['/usr/bin/colcon', 'build']
[1.879s] DEBUG:colcon:Parsed command line arguments: Namespace(log_base=None, log_level=None, verb_name='build', build_base='build', install_base='install', merge_install=False, symlink_install=False, test_result_base=None, continue_on_error=False, executor='parallel', parallel_workers=4, event_handlers=None, ignore_user_meta=False, metas=['./colcon.meta'], base_paths=['.'], packages_ignore=None, packages_ignore_regex=None, paths=None, packages_up_to=None, packages_up_to_regex=None, packages_above=None, packages_above_and_dependencies=None, packages_above_depth=None, packages_select_by_dep=None, packages_skip_by_dep=None, packages_skip_up_to=None, packages_select_build_failed=False, packages_skip_build_finished=False, packages_select_test_failures=False, packages_skip_test_passed=False, packages_select=None, packages_skip=None, packages_select_regex=None, packages_skip_regex=None, packages_start=None, packages_end=None, allow_overriding=[], cmake_args=None, cmake_target=None, cmake_target_skip_unavailable=False, cmake_clean_cache=False, cmake_clean_first=False, cmake_force_configure=False, ament_cmake_args=None, catkin_cmake_args=None, catkin_skip_building_tests=False, mixin_files=None, mixin=None, verb_parser=<colcon_mixin.mixin.mixin_argument.MixinArgumentDecorator object at 0xffffafa95f90>, verb_extension=<colcon_core.verb.build.BuildVerb object at 0xffffafa95a20>, main=<bound method BuildVerb.main of <colcon_core.verb.build.BuildVerb object at 0xffffafa95a20>>, mixin_verb=('build',))
[3.955s] Level 1:colcon.colcon_core.package_discovery:discover_packages(colcon_meta) check parameters
[3.956s] Level 1:colcon.colcon_core.package_discovery:discover_packages(recursive) check parameters
[3.956s] Level 1:colcon.colcon_core.package_discovery:discover_packages(ignore) check parameters
[3.957s] Level 1:colcon.colcon_core.package_discovery:discover_packages(path) check parameters
[3.957s] Level 1:colcon.colcon_core.package_discovery:discover_packages(colcon_meta) discover
[3.957s] Level 1:colcon.colcon_core.package_discovery:discover_packages(recursive) discover
[3.958s] INFO:colcon.colcon_core.package_discovery:Crawling recursively for packages in '/home/abdul/ros2_ws'
[3.958s] Level 1:colcon.colcon_core.package_identification:_identify(.) by extensions ['ignore', 'ignore_ament_install']
[3.959s] Level 1:colcon.colcon_core.package_identification:_identify(.) by extension 'ignore'
[3.960s] Level 1:colcon.colcon_core.package_identification:_identify(.) by extension 'ignore_ament_install'
[3.960s] Level 1:colcon.colcon_core.package_identification:_identify(.) by extensions ['colcon_pkg']
[3.961s] Level 1:colcon.colcon_core.package_identification:_identify(.) by extension 'colcon_pkg'
[3.961s] Level 1:colcon.colcon_core.package_identification:_identify(.) by extensions ['colcon_meta']
[3.961s] Level 1:colcon.colcon_core.package_identification:_identify(.) by extension 'colcon_meta'
[3.961s] Level 1:colcon.colcon_core.package_identification:_identify(.) by extensions ['ros']
[3.962s] Level 1:colcon.colcon_core.package_identification:_identify(.) by extension 'ros'
[4.048s] Level 1:colcon.colcon_core.package_identification:_identify(.) by extensions ['cmake', 'python']
[4.048s] Level 1:colcon.colcon_core.package_identification:_identify(.) by extension 'cmake'
[4.048s] Level 1:colcon.colcon_core.package_identification:_identify(.) by extension 'python'
[4.049s] Level 1:colcon.colcon_core.package_identification:_identify(.) by extensions ['python_setup_py']
[4.049s] Level 1:colcon.colcon_core.package_identification:_identify(.) by extension 'python_setup_py'
[4.050s] Level 1:colcon.colcon_core.package_identification:_identify(build) by extensions ['ignore', 'ignore_ament_install']
[4.051s] Level 1:colcon.colcon_core.package_identification:_identify(build) by extension 'ignore'
[4.051s] Level 1:colcon.colcon_core.package_identification:_identify(build) ignored
[4.052s] Level 1:colcon.colcon_core.package_identification:_identify(install) by extensions ['ignore', 'ignore_ament_install']
[4.053s] Level 1:colcon.colcon_core.package_identification:_identify(install) by extension 'ignore'
[4.054s] Level 1:colcon.colcon_core.package_identification:_identify(install) ignored
[4.055s] Level 1:colcon.colcon_core.package_identification:_identify(log) by extensions ['ignore', 'ignore_ament_install']
[4.055s] Level 1:colcon.colcon_core.package_identification:_identify(log) by extension 'ignore'
[4.056s] Level 1:colcon.colcon_core.package_identification:_identify(log) ignored
[4.056s] Level 1:colcon.colcon_core.package_identification:_identify(src) by extensions ['ignore', 'ignore_ament_install']
[4.057s] Level 1:colcon.colcon_core.package_identification:_identify(src) by extension 'ignore'
[4.057s] Level 1:colcon.colcon_core.package_identification:_identify(src) by extension 'ignore_ament_install'
[4.058s] Level 1:colcon.colcon_core.package_identification:_identify(src) by extensions ['colcon_pkg']
[4.058s] Level 1:colcon.colcon_core.package_identification:_identify(src) by extension 'colcon_pkg'
[4.059s] Level 1:colcon.colcon_core.package_identification:_identify(src) by extensions ['colcon_meta']
[4.059s] Level 1:colcon.colcon_core.package_identification:_identify(src) by extension 'colcon_meta'
[4.060s] Level 1:colcon.colcon_core.package_identification:_identify(src) by extensions ['ros']
[4.060s] Level 1:colcon.colcon_core.package_identification:_identify(src) by extension 'ros'
[4.060s] Level 1:colcon.colcon_core.package_identification:_identify(src) by extensions ['cmake', 'python']
[4.061s] Level 1:colcon.colcon_core.package_identification:_identify(src) by extension 'cmake'
[4.061s] Level 1:colcon.colcon_core.package_identification:_identify(src) by extension 'python'
[4.061s] Level 1:colcon.colcon_core.package_identification:_identify(src) by extensions ['python_setup_py']
[4.062s] Level 1:colcon.colcon_core.package_identification:_identify(src) by extension 'python_setup_py'
[4.062s] Level 1:colcon.colcon_core.package_identification:_identify(src/encoder_reader) by extensions ['ignore', 'ignore_ament_install']
[4.063s] Level 1:colcon.colcon_core.package_identification:_identify(src/encoder_reader) by extension 'ignore'
[4.064s] Level 1:colcon.colcon_core.package_identification:_identify(src/encoder_reader) by extension 'ignore_ament_install'
[4.064s] Level 1:colcon.colcon_core.package_identification:_identify(src/encoder_reader) by extensions ['colcon_pkg']
[4.065s] Level 1:colcon.colcon_core.package_identification:_identify(src/encoder_reader) by extension 'colcon_pkg'
[4.065s] Level 1:colcon.colcon_core.package_identification:_identify(src/encoder_reader) by extensions ['colcon_meta']
[4.065s] Level 1:colcon.colcon_core.package_identification:_identify(src/encoder_reader) by extension 'colcon_meta'
[4.065s] Level 1:colcon.colcon_core.package_identification:_identify(src/encoder_reader) by extensions ['ros']
[4.066s] Level 1:colcon.colcon_core.package_identification:_identify(src/encoder_reader) by extension 'ros'
[4.092s] DEBUG:colcon.colcon_core.package_identification:Package 'src/encoder_reader' with type 'ros.ament_python' and name 'encoder_reader'
[4.092s] Level 1:colcon.colcon_core.package_identification:_identify(src/rover_control) by extensions ['ignore', 'ignore_ament_install']
[4.093s] Level 1:colcon.colcon_core.package_identification:_identify(src/rover_control) by extension 'ignore'
[4.093s] Level 1:colcon.colcon_core.package_identification:_identify(src/rover_control) by extension 'ignore_ament_install'
[4.094s] Level 1:colcon.colcon_core.package_identification:_identify(src/rover_control) by extensions ['colcon_pkg']
[4.094s] Level 1:colcon.colcon_core.package_identification:_identify(src/rover_control) by extension 'colcon_pkg'
[4.094s] Level 1:colcon.colcon_core.package_identification:_identify(src/rover_control) by extensions ['colcon_meta']
[4.094s] Level 1:colcon.colcon_core.package_identification:_identify(src/rover_control) by extension 'colcon_meta'
[4.094s] Level 1:colcon.colcon_core.package_identification:_identify(src/rover_control) by extensions ['ros']
[4.095s] Level 1:colcon.colcon_core.package_identification:_identify(src/rover_control) by extension 'ros'
[4.100s] DEBUG:colcon.colcon_core.package_identification:Package 'src/rover_control' with type 'ros.ament_python' and name 'rover_control'
[4.100s] Level 1:colcon.colcon_core.package_discovery:discover_packages(recursive) using defaults
[4.101s] Level 1:colcon.colcon_core.package_discovery:discover_packages(ignore) discover
[4.101s] Level 1:colcon.colcon_core.package_discovery:discover_packages(ignore) using defaults
[4.101s] Level 1:colcon.colcon_core.package_discovery:discover_packages(path) discover
[4.101s] Level 1:colcon.colcon_core.package_discovery:discover_packages(path) using defaults
[4.352s] Level 1:colcon.colcon_core.package_discovery:discover_packages(prefix_path) check parameters
[4.353s] Level 1:colcon.colcon_core.package_discovery:discover_packages(prefix_path) discover
[4.415s] DEBUG:colcon.colcon_installed_package_information.package_discovery:Found 2 installed packages in /home/abdul/ros2_ws/install
[4.438s] DEBUG:colcon.colcon_installed_package_information.package_discovery:Found 270 installed packages in /opt/ros/humble
[4.446s] Level 1:colcon.colcon_core.package_discovery:discover_packages(prefix_path) using defaults
[5.055s] Level 5:colcon.colcon_core.verb:set package 'encoder_reader' build argument 'cmake_args' from command line to 'None'
[5.056s] Level 5:colcon.colcon_core.verb:set package 'encoder_reader' build argument 'cmake_target' from command line to 'None'
[5.056s] Level 5:colcon.colcon_core.verb:set package 'encoder_reader' build argument 'cmake_target_skip_unavailable' from command line to 'False'
[5.056s] Level 5:colcon.colcon_core.verb:set package 'encoder_reader' build argument 'cmake_clean_cache' from command line to 'False'
[5.056s] Level 5:colcon.colcon_core.verb:set package 'encoder_reader' build argument 'cmake_clean_first' from command line to 'False'
[5.056s] Level 5:colcon.colcon_core.verb:set package 'encoder_reader' build argument 'cmake_force_configure' from command line to 'False'
[5.056s] Level 5:colcon.colcon_core.verb:set package 'encoder_reader' build argument 'ament_cmake_args' from command line to 'None'
[5.056s] Level 5:colcon.colcon_core.verb:set package 'encoder_reader' build argument 'catkin_cmake_args' from command line to 'None'
[5.057s] Level 5:colcon.colcon_core.verb:set package 'encoder_reader' build argument 'catkin_skip_building_tests' from command line to 'False'
[5.057s] DEBUG:colcon.colcon_core.verb:Building package 'encoder_reader' with the following arguments: {'ament_cmake_args': None, 'build_base': '/home/abdul/ros2_ws/build/encoder_reader', 'catkin_cmake_args': None, 'catkin_skip_building_tests': False, 'cmake_args': None, 'cmake_clean_cache': False, 'cmake_clean_first': False, 'cmake_force_configure': False, 'cmake_target': None, 'cmake_target_skip_unavailable': False, 'install_base': '/home/abdul/ros2_ws/install/encoder_reader', 'merge_install': False, 'path': '/home/abdul/ros2_ws/src/encoder_reader', 'symlink_install': False, 'test_result_base': None}
[5.058s] Level 5:colcon.colcon_core.verb:set package 'rover_control' build argument 'cmake_args' from command line to 'None'
[5.059s] Level 5:colcon.colcon_core.verb:set package 'rover_control' build argument 'cmake_target' from command line to 'None'
[5.059s] Level 5:colcon.colcon_core.verb:set package 'rover_control' build argument 'cmake_target_skip_unavailable' from command line to 'False'
[5.059s] Level 5:colcon.colcon_core.verb:set package 'rover_control' build argument 'cmake_clean_cache' from command line to 'False'
[5.059s] Level 5:colcon.colcon_core.verb:set package 'rover_control' build argument 'cmake_clean_first' from command line to 'False'
[5.059s] Level 5:colcon.colcon_core.verb:set package 'rover_control' build argument 'cmake_force_configure' from command line to 'False'
[5.059s] Level 5:colcon.colcon_core.verb:set package 'rover_control' build argument 'ament_cmake_args' from command line to 'None'
[5.059s] Level 5:colcon.colcon_core.verb:set package 'rover_control' build argument 'catkin_cmake_args' from command line to 'None'
[5.059s] Level 5:colcon.colcon_core.verb:set package 'rover_control' build argument 'catkin_skip_building_tests' from command line to 'False'
[5.060s] DEBUG:colcon.colcon_core.verb:Building package 'rover_control' with the following arguments: {'ament_cmake_args': None, 'build_base': '/home/abdul/ros2_ws/build/rover_control', 'catkin_cmake_args': None, 'catkin_skip_building_tests': False, 'cmake_args': None, 'cmake_clean_cache': False, 'cmake_clean_first': False, 'cmake_force_configure': False, 'cmake_target': None, 'cmake_target_skip_unavailable': False, 'install_base': '/home/abdul/ros2_ws/install/rover_control', 'merge_install': False, 'path': '/home/abdul/ros2_ws/src/rover_control', 'symlink_install': False, 'test_result_base': None}
[5.060s] INFO:colcon.colcon_core.executor:Executing jobs using 'parallel' executor
[5.072s] DEBUG:colcon.colcon_parallel_executor.executor.parallel:run_until_complete
[5.074s] INFO:colcon.colcon_ros.task.ament_python.build:Building ROS package in '/home/abdul/ros2_ws/src/encoder_reader' with build type 'ament_python'
[5.074s] Level 1:colcon.colcon_core.shell:create_environment_hook('encoder_reader', 'ament_prefix_path')
[5.102s] INFO:colcon.colcon_core.plugin_system:Skipping extension 'colcon_core.shell.bat': Not used on non-Windows systems
[5.103s] INFO:colcon.colcon_core.shell:Creating environment hook '/home/abdul/ros2_ws/install/encoder_reader/share/encoder_reader/hook/ament_prefix_path.ps1'
[5.116s] INFO:colcon.colcon_core.shell:Creating environment descriptor '/home/abdul/ros2_ws/install/encoder_reader/share/encoder_reader/hook/ament_prefix_path.dsv'
[5.123s] INFO:colcon.colcon_core.shell:Creating environment hook '/home/abdul/ros2_ws/install/encoder_reader/share/encoder_reader/hook/ament_prefix_path.sh'
[5.128s] INFO:colcon.colcon_core.shell:Skip shell extension 'powershell' for command environment: Not usable outside of PowerShell
[5.129s] DEBUG:colcon.colcon_core.shell:Skip shell extension 'dsv' for command environment
[5.156s] INFO:colcon.colcon_ros.task.ament_python.build:Building ROS package in '/home/abdul/ros2_ws/src/rover_control' with build type 'ament_python'
[5.157s] Level 1:colcon.colcon_core.shell:create_environment_hook('rover_control', 'ament_prefix_path')
[5.159s] INFO:colcon.colcon_core.shell:Creating environment hook '/home/abdul/ros2_ws/install/rover_control/share/rover_control/hook/ament_prefix_path.ps1'
[5.163s] INFO:colcon.colcon_core.shell:Creating environment descriptor '/home/abdul/ros2_ws/install/rover_control/share/rover_control/hook/ament_prefix_path.dsv'
[5.166s] INFO:colcon.colcon_core.shell:Creating environment hook '/home/abdul/ros2_ws/install/rover_control/share/rover_control/hook/ament_prefix_path.sh'
[5.170s] INFO:colcon.colcon_core.shell:Skip shell extension 'powershell' for command environment: Not usable outside of PowerShell
[5.170s] DEBUG:colcon.colcon_core.shell:Skip shell extension 'dsv' for command environment
[7.168s] INFO:colcon.colcon_core.task.python.build:Building Python package in '/home/abdul/ros2_ws/src/encoder_reader'
[7.169s] INFO:colcon.colcon_core.shell:Skip shell extension 'powershell' for command environment: Not usable outside of PowerShell
[7.170s] DEBUG:colcon.colcon_core.shell:Skip shell extension 'dsv' for command environment
[8.552s] INFO:colcon.colcon_core.task.python.build:Building Python package in '/home/abdul/ros2_ws/src/rover_control'
[8.556s] INFO:colcon.colcon_core.shell:Skip shell extension 'powershell' for command environment: Not usable outside of PowerShell
[8.556s] DEBUG:colcon.colcon_core.shell:Skip shell extension 'dsv' for command environment
[11.188s] DEBUG:colcon.colcon_core.event_handler.log_command:Invoking command in '/home/abdul/ros2_ws/src/rover_control': PYTHONPATH=/home/abdul/ros2_ws/build/rover_control/prefix_override:/home/abdul/ros2_ws/install/rover_control/lib/python3.10/site-packages:${PYTHONPATH} /usr/bin/python3 -W ignore:setup.py install is deprecated setup.py egg_info --egg-base ../../build/rover_control build --build-base /home/abdul/ros2_ws/build/rover_control/build install --record /home/abdul/ros2_ws/build/rover_control/install.log --single-version-externally-managed install_data
[11.248s] DEBUG:colcon.colcon_core.event_handler.log_command:Invoking command in '/home/abdul/ros2_ws/src/encoder_reader': PYTHONPATH=/home/abdul/ros2_ws/build/encoder_reader/prefix_override:/home/abdul/ros2_ws/install/encoder_reader/lib/python3.10/site-packages:${PYTHONPATH} /usr/bin/python3 -W ignore:setup.py install is deprecated setup.py egg_info --egg-base ../../build/encoder_reader build --build-base /home/abdul/ros2_ws/build/encoder_reader/build install --record /home/abdul/ros2_ws/build/encoder_reader/install.log --single-version-externally-managed install_data
[14.913s] DEBUG:colcon.colcon_core.event_handler.log_command:Invoked command in '/home/abdul/ros2_ws/src/rover_control' returned '0': PYTHONPATH=/home/abdul/ros2_ws/build/rover_control/prefix_override:/home/abdul/ros2_ws/install/rover_control/lib/python3.10/site-packages:${PYTHONPATH} /usr/bin/python3 -W ignore:setup.py install is deprecated setup.py egg_info --egg-base ../../build/rover_control build --build-base /home/abdul/ros2_ws/build/rover_control/build install --record /home/abdul/ros2_ws/build/rover_control/install.log --single-version-externally-managed install_data
[14.981s] Level 1:colcon.colcon_core.environment:checking '/home/abdul/ros2_ws/install/rover_control' for CMake module files
[14.985s] Level 1:colcon.colcon_core.environment:checking '/home/abdul/ros2_ws/install/rover_control' for CMake config files
[14.995s] Level 1:colcon.colcon_core.environment:checking '/home/abdul/ros2_ws/install/rover_control/lib'
[14.996s] Level 1:colcon.colcon_core.environment:checking '/home/abdul/ros2_ws/install/rover_control/bin'
[14.996s] Level 1:colcon.colcon_core.environment:checking '/home/abdul/ros2_ws/install/rover_control/lib/pkgconfig/rover_control.pc'
[14.997s] Level 1:colcon.colcon_core.environment:checking '/home/abdul/ros2_ws/install/rover_control/lib/python3.10/site-packages'
[14.998s] Level 1:colcon.colcon_core.shell:create_environment_hook('rover_control', 'pythonpath')
[14.999s] INFO:colcon.colcon_core.shell:Creating environment hook '/home/abdul/ros2_ws/install/rover_control/share/rover_control/hook/pythonpath.ps1'
[15.009s] INFO:colcon.colcon_core.shell:Creating environment descriptor '/home/abdul/ros2_ws/install/rover_control/share/rover_control/hook/pythonpath.dsv'
[15.016s] INFO:colcon.colcon_core.shell:Creating environment hook '/home/abdul/ros2_ws/install/rover_control/share/rover_control/hook/pythonpath.sh'
[15.022s] Level 1:colcon.colcon_core.environment:checking '/home/abdul/ros2_ws/install/rover_control/bin'
[15.022s] Level 1:colcon.colcon_core.environment:create_environment_scripts_only(rover_control)
[15.025s] INFO:colcon.colcon_core.shell:Creating package script '/home/abdul/ros2_ws/install/rover_control/share/rover_control/package.ps1'
[15.030s] INFO:colcon.colcon_core.shell:Creating package descriptor '/home/abdul/ros2_ws/install/rover_control/share/rover_control/package.dsv'
[15.034s] INFO:colcon.colcon_core.shell:Creating package script '/home/abdul/ros2_ws/install/rover_control/share/rover_control/package.sh'
[15.038s] INFO:colcon.colcon_core.shell:Creating package script '/home/abdul/ros2_ws/install/rover_control/share/rover_control/package.bash'
[15.045s] INFO:colcon.colcon_core.shell:Creating package script '/home/abdul/ros2_ws/install/rover_control/share/rover_control/package.zsh'
[15.051s] Level 1:colcon.colcon_core.environment:create_file_with_runtime_dependencies(/home/abdul/ros2_ws/install/rover_control/share/colcon-core/packages/rover_control)
[15.054s] Level 1:colcon.colcon_core.environment:checking '/home/abdul/ros2_ws/install/encoder_reader' for CMake module files
[15.060s] DEBUG:colcon.colcon_core.event_handler.log_command:Invoked command in '/home/abdul/ros2_ws/src/encoder_reader' returned '0': PYTHONPATH=/home/abdul/ros2_ws/build/encoder_reader/prefix_override:/home/abdul/ros2_ws/install/encoder_reader/lib/python3.10/site-packages:${PYTHONPATH} /usr/bin/python3 -W ignore:setup.py install is deprecated setup.py egg_info --egg-base ../../build/encoder_reader build --build-base /home/abdul/ros2_ws/build/encoder_reader/build install --record /home/abdul/ros2_ws/build/encoder_reader/install.log --single-version-externally-managed install_data
[15.061s] Level 1:colcon.colcon_core.environment:checking '/home/abdul/ros2_ws/install/encoder_reader' for CMake config files
[15.067s] Level 1:colcon.colcon_core.environment:checking '/home/abdul/ros2_ws/install/encoder_reader/lib'
[15.068s] Level 1:colcon.colcon_core.environment:checking '/home/abdul/ros2_ws/install/encoder_reader/bin'
[15.068s] Level 1:colcon.colcon_core.environment:checking '/home/abdul/ros2_ws/install/encoder_reader/lib/pkgconfig/encoder_reader.pc'
[15.069s] Level 1:colcon.colcon_core.environment:checking '/home/abdul/ros2_ws/install/encoder_reader/lib/python3.10/site-packages'
[15.070s] Level 1:colcon.colcon_core.shell:create_environment_hook('encoder_reader', 'pythonpath')
[15.071s] INFO:colcon.colcon_core.shell:Creating environment hook '/home/abdul/ros2_ws/install/encoder_reader/share/encoder_reader/hook/pythonpath.ps1'
[15.073s] INFO:colcon.colcon_core.shell:Creating environment descriptor '/home/abdul/ros2_ws/install/encoder_reader/share/encoder_reader/hook/pythonpath.dsv'
[15.075s] INFO:colcon.colcon_core.shell:Creating environment hook '/home/abdul/ros2_ws/install/encoder_reader/share/encoder_reader/hook/pythonpath.sh'
[15.078s] Level 1:colcon.colcon_core.environment:checking '/home/abdul/ros2_ws/install/encoder_reader/bin'
[15.079s] Level 1:colcon.colcon_core.environment:create_environment_scripts_only(encoder_reader)
[15.080s] INFO:colcon.colcon_core.shell:Creating package script '/home/abdul/ros2_ws/install/encoder_reader/share/encoder_reader/package.ps1'
[15.083s] INFO:colcon.colcon_core.shell:Creating package descriptor '/home/abdul/ros2_ws/install/encoder_reader/share/encoder_reader/package.dsv'
[15.085s] INFO:colcon.colcon_core.shell:Creating package script '/home/abdul/ros2_ws/install/encoder_reader/share/encoder_reader/package.sh'
[15.087s] INFO:colcon.colcon_core.shell:Creating package script '/home/abdul/ros2_ws/install/encoder_reader/share/encoder_reader/package.bash'
[15.089s] INFO:colcon.colcon_core.shell:Creating package script '/home/abdul/ros2_ws/install/encoder_reader/share/encoder_reader/package.zsh'
[15.091s] Level 1:colcon.colcon_core.environment:create_file_with_runtime_dependencies(/home/abdul/ros2_ws/install/encoder_reader/share/colcon-core/packages/encoder_reader)
[15.092s] DEBUG:colcon.colcon_parallel_executor.executor.parallel:closing loop
[15.093s] DEBUG:colcon.colcon_parallel_executor.executor.parallel:loop closed
[15.094s] DEBUG:colcon.colcon_parallel_executor.executor.parallel:run_until_complete finished with '0'
[15.095s] DEBUG:colcon.colcon_core.event_reactor:joining thread
[15.276s] INFO:colcon.colcon_core.plugin_system:Skipping extension 'colcon_notification.desktop_notification.terminal_notifier': Not used on non-Darwin systems
[15.277s] INFO:colcon.colcon_core.plugin_system:Skipping extension 'colcon_notification.desktop_notification.win32': Not used on non-Windows systems
[15.278s] INFO:colcon.colcon_notification.desktop_notification:Sending desktop notification using 'notify2'
[18.335s] DEBUG:colcon.colcon_core.event_reactor:joined thread
[18.337s] INFO:colcon.colcon_core.shell:Creating prefix script '/home/abdul/ros2_ws/install/local_setup.ps1'
[18.350s] INFO:colcon.colcon_core.shell:Creating prefix util module '/home/abdul/ros2_ws/install/_local_setup_util_ps1.py'
[18.376s] INFO:colcon.colcon_core.shell:Creating prefix chain script '/home/abdul/ros2_ws/install/setup.ps1'
[18.397s] INFO:colcon.colcon_core.shell:Creating prefix script '/home/abdul/ros2_ws/install/local_setup.sh'
[18.405s] INFO:colcon.colcon_core.shell:Creating prefix util module '/home/abdul/ros2_ws/install/_local_setup_util_sh.py'
[18.408s] INFO:colcon.colcon_core.shell:Creating prefix chain script '/home/abdul/ros2_ws/install/setup.sh'
[18.422s] INFO:colcon.colcon_core.shell:Creating prefix script '/home/abdul/ros2_ws/install/local_setup.bash'
[18.438s] INFO:colcon.colcon_core.shell:Creating prefix chain script '/home/abdul/ros2_ws/install/setup.bash'
[18.448s] INFO:colcon.colcon_core.shell:Creating prefix script '/home/abdul/ros2_ws/install/local_setup.zsh'
[18.460s] INFO:colcon.colcon_core.shell:Creating prefix chain script '/home/abdul/ros2_ws/install/setup.zsh'
