[3.323s] Invoking command in '/home/abdul/ros2_ws/build/rover_control': PYTHONPATH=/home/abdul/ros2_ws/build/rover_control/prefix_override:/home/abdul/ros2_ws/install/rover_control/lib/python3.10/site-packages:${PYTHONPATH} /usr/bin/python3 -W ignore:setup.py install is deprecated setup.py develop --editable --build-directory /home/abdul/ros2_ws/build/rover_control/build --no-deps symlink_data --force
[4.587s] running develop
[4.594s] /usr/lib/python3/dist-packages/setuptools/command/easy_install.py:158: EasyInstallDeprecationWarning: easy_install command is deprecated. Use build and pip and other standards-based tools.
[4.594s]   warnings.warn(
[5.420s] running egg_info
[5.420s] writing rover_control.egg-info/PKG-INFO
[5.424s] writing dependency_links to rover_control.egg-info/dependency_links.txt
[5.425s] writing entry points to rover_control.egg-info/entry_points.txt
[5.426s] writing requirements to rover_control.egg-info/requires.txt
[5.427s] writing top-level names to rover_control.egg-info/top_level.txt
[5.436s] reading manifest file 'rover_control.egg-info/SOURCES.txt'
[5.441s] writing manifest file 'rover_control.egg-info/SOURCES.txt'
[5.447s] running build_ext
[5.448s] Creating /home/abdul/ros2_ws/install/rover_control/lib/python3.10/site-packages/rover-control.egg-link (link to .)
[5.452s] Installing rover_control_node script to /home/abdul/ros2_ws/install/rover_control/lib/rover_control
[5.453s] 
[5.454s] Installed /home/abdul/ros2_ws/build/rover_control
[5.454s] running symlink_data
[5.455s] symbolically linking /home/abdul/ros2_ws/build/rover_control/resource/rover_control -> /home/abdul/ros2_ws/install/rover_control/share/ament_index/resource_index/packages
[5.455s] symbolically linking /home/abdul/ros2_ws/build/rover_control/package.xml -> /home/abdul/ros2_ws/install/rover_control/share/rover_control
[5.617s] Invoked command in '/home/abdul/ros2_ws/build/rover_control' returned '0': PYTHONPATH=/home/abdul/ros2_ws/build/rover_control/prefix_override:/home/abdul/ros2_ws/install/rover_control/lib/python3.10/site-packages:${PYTHONPATH} /usr/bin/python3 -W ignore:setup.py install is deprecated setup.py develop --editable --build-directory /home/abdul/ros2_ws/build/rover_control/build --no-deps symlink_data --force
