[4.932s] Invoking command in '/home/abdul/ros2_ws/src/rover_control': PYTHONPATH=/home/abdul/ros2_ws/build/rover_control/prefix_override:/home/abdul/ros2_ws/install/rover_control/lib/python3.10/site-packages:${PYTHONPATH} /usr/bin/python3 -W ignore:setup.py install is deprecated setup.py egg_info --egg-base ../../build/rover_control build --build-base /home/abdul/ros2_ws/build/rover_control/build install --record /home/abdul/ros2_ws/build/rover_control/install.log --single-version-externally-managed install_data
[6.277s] running egg_info
[6.280s] writing ../../build/rover_control/rover_control.egg-info/PKG-INFO
[6.282s] writing dependency_links to ../../build/rover_control/rover_control.egg-info/dependency_links.txt
[6.283s] writing entry points to ../../build/rover_control/rover_control.egg-info/entry_points.txt
[6.284s] writing requirements to ../../build/rover_control/rover_control.egg-info/requires.txt
[6.285s] writing top-level names to ../../build/rover_control/rover_control.egg-info/top_level.txt
[6.296s] reading manifest file '../../build/rover_control/rover_control.egg-info/SOURCES.txt'
[6.300s] writing manifest file '../../build/rover_control/rover_control.egg-info/SOURCES.txt'
[6.301s] running build
[6.302s] running build_py
[6.303s] copying rover_control/pid_control_node.py -> /home/abdul/ros2_ws/build/rover_control/build/lib/rover_control
[6.304s] running install
[6.305s] running install_lib
[6.321s] copying /home/abdul/ros2_ws/build/rover_control/build/lib/rover_control/pid_control_node.py -> /home/abdul/ros2_ws/install/rover_control/lib/python3.10/site-packages/rover_control
[6.322s] byte-compiling /home/abdul/ros2_ws/install/rover_control/lib/python3.10/site-packages/rover_control/pid_control_node.py to pid_control_node.cpython-310.pyc
[6.323s] running install_data
[6.326s] running install_egg_info
[6.330s] removing '/home/abdul/ros2_ws/install/rover_control/lib/python3.10/site-packages/rover_control-0.0.0-py3.10.egg-info' (and everything under it)
[6.331s] Copying ../../build/rover_control/rover_control.egg-info to /home/abdul/ros2_ws/install/rover_control/lib/python3.10/site-packages/rover_control-0.0.0-py3.10.egg-info
[6.343s] running install_scripts
[6.440s] Installing pid_control_node script to /home/abdul/ros2_ws/install/rover_control/lib/rover_control
[6.441s] Installing rover_control_node script to /home/abdul/ros2_ws/install/rover_control/lib/rover_control
[6.443s] writing list of installed files to '/home/abdul/ros2_ws/build/rover_control/install.log'
[6.660s] Invoked command in '/home/abdul/ros2_ws/src/rover_control' returned '0': PYTHONPATH=/home/abdul/ros2_ws/build/rover_control/prefix_override:/home/abdul/ros2_ws/install/rover_control/lib/python3.10/site-packages:${PYTHONPATH} /usr/bin/python3 -W ignore:setup.py install is deprecated setup.py egg_info --egg-base ../../build/rover_control build --build-base /home/abdul/ros2_ws/build/rover_control/build install --record /home/abdul/ros2_ws/build/rover_control/install.log --single-version-externally-managed install_data
