[0.758s] DEBUG:colcon:Command line arguments: ['/usr/bin/colcon', 'build']
[0.758s] DEBUG:colcon:Parsed command line arguments: Namespace(log_base=None, log_level=None, verb_name='build', build_base='build', install_base='install', merge_install=False, symlink_install=False, test_result_base=None, continue_on_error=False, executor='parallel', parallel_workers=4, event_handlers=None, ignore_user_meta=False, metas=['./colcon.meta'], base_paths=['.'], packages_ignore=None, packages_ignore_regex=None, paths=None, packages_up_to=None, packages_up_to_regex=None, packages_above=None, packages_above_and_dependencies=None, packages_above_depth=None, packages_select_by_dep=None, packages_skip_by_dep=None, packages_skip_up_to=None, packages_select_build_failed=False, packages_skip_build_finished=False, packages_select_test_failures=False, packages_skip_test_passed=False, packages_select=None, packages_skip=None, packages_select_regex=None, packages_skip_regex=None, packages_start=None, packages_end=None, allow_overriding=[], cmake_args=None, cmake_target=None, cmake_target_skip_unavailable=False, cmake_clean_cache=False, cmake_clean_first=False, cmake_force_configure=False, ament_cmake_args=None, catkin_cmake_args=None, catkin_skip_building_tests=False, mixin_files=None, mixin=None, verb_parser=<colcon_mixin.mixin.mixin_argument.MixinArgumentDecorator object at 0xffff99345f60>, verb_extension=<colcon_core.verb.build.BuildVerb object at 0xffff993459f0>, main=<bound method BuildVerb.main of <colcon_core.verb.build.BuildVerb object at 0xffff993459f0>>, mixin_verb=('build',))
[2.377s] Level 1:colcon.colcon_core.package_discovery:discover_packages(colcon_meta) check parameters
[2.378s] Level 1:colcon.colcon_core.package_discovery:discover_packages(recursive) check parameters
[2.378s] Level 1:colcon.colcon_core.package_discovery:discover_packages(ignore) check parameters
[2.378s] Level 1:colcon.colcon_core.package_discovery:discover_packages(path) check parameters
[2.378s] Level 1:colcon.colcon_core.package_discovery:discover_packages(colcon_meta) discover
[2.378s] Level 1:colcon.colcon_core.package_discovery:discover_packages(recursive) discover
[2.379s] INFO:colcon.colcon_core.package_discovery:Crawling recursively for packages in '/home/abdul/ros2_ws'
[2.379s] Level 1:colcon.colcon_core.package_identification:_identify(.) by extensions ['ignore', 'ignore_ament_install']
[2.380s] Level 1:colcon.colcon_core.package_identification:_identify(.) by extension 'ignore'
[2.380s] Level 1:colcon.colcon_core.package_identification:_identify(.) by extension 'ignore_ament_install'
[2.380s] Level 1:colcon.colcon_core.package_identification:_identify(.) by extensions ['colcon_pkg']
[2.380s] Level 1:colcon.colcon_core.package_identification:_identify(.) by extension 'colcon_pkg'
[2.381s] Level 1:colcon.colcon_core.package_identification:_identify(.) by extensions ['colcon_meta']
[2.381s] Level 1:colcon.colcon_core.package_identification:_identify(.) by extension 'colcon_meta'
[2.381s] Level 1:colcon.colcon_core.package_identification:_identify(.) by extensions ['ros']
[2.381s] Level 1:colcon.colcon_core.package_identification:_identify(.) by extension 'ros'
[2.460s] Level 1:colcon.colcon_core.package_identification:_identify(.) by extensions ['cmake', 'python']
[2.461s] Level 1:colcon.colcon_core.package_identification:_identify(.) by extension 'cmake'
[2.461s] Level 1:colcon.colcon_core.package_identification:_identify(.) by extension 'python'
[2.461s] Level 1:colcon.colcon_core.package_identification:_identify(.) by extensions ['python_setup_py']
[2.461s] Level 1:colcon.colcon_core.package_identification:_identify(.) by extension 'python_setup_py'
[2.462s] Level 1:colcon.colcon_core.package_identification:_identify(build) by extensions ['ignore', 'ignore_ament_install']
[2.462s] Level 1:colcon.colcon_core.package_identification:_identify(build) by extension 'ignore'
[2.463s] Level 1:colcon.colcon_core.package_identification:_identify(build) ignored
[2.463s] Level 1:colcon.colcon_core.package_identification:_identify(install) by extensions ['ignore', 'ignore_ament_install']
[2.464s] Level 1:colcon.colcon_core.package_identification:_identify(install) by extension 'ignore'
[2.464s] Level 1:colcon.colcon_core.package_identification:_identify(install) ignored
[2.465s] Level 1:colcon.colcon_core.package_identification:_identify(log) by extensions ['ignore', 'ignore_ament_install']
[2.465s] Level 1:colcon.colcon_core.package_identification:_identify(log) by extension 'ignore'
[2.465s] Level 1:colcon.colcon_core.package_identification:_identify(log) ignored
[2.466s] Level 1:colcon.colcon_core.package_identification:_identify(src) by extensions ['ignore', 'ignore_ament_install']
[2.466s] Level 1:colcon.colcon_core.package_identification:_identify(src) by extension 'ignore'
[2.466s] Level 1:colcon.colcon_core.package_identification:_identify(src) by extension 'ignore_ament_install'
[2.466s] Level 1:colcon.colcon_core.package_identification:_identify(src) by extensions ['colcon_pkg']
[2.467s] Level 1:colcon.colcon_core.package_identification:_identify(src) by extension 'colcon_pkg'
[2.467s] Level 1:colcon.colcon_core.package_identification:_identify(src) by extensions ['colcon_meta']
[2.467s] Level 1:colcon.colcon_core.package_identification:_identify(src) by extension 'colcon_meta'
[2.467s] Level 1:colcon.colcon_core.package_identification:_identify(src) by extensions ['ros']
[2.467s] Level 1:colcon.colcon_core.package_identification:_identify(src) by extension 'ros'
[2.468s] Level 1:colcon.colcon_core.package_identification:_identify(src) by extensions ['cmake', 'python']
[2.468s] Level 1:colcon.colcon_core.package_identification:_identify(src) by extension 'cmake'
[2.468s] Level 1:colcon.colcon_core.package_identification:_identify(src) by extension 'python'
[2.468s] Level 1:colcon.colcon_core.package_identification:_identify(src) by extensions ['python_setup_py']
[2.468s] Level 1:colcon.colcon_core.package_identification:_identify(src) by extension 'python_setup_py'
[2.469s] Level 1:colcon.colcon_core.package_identification:_identify(src/encoder_reader) by extensions ['ignore', 'ignore_ament_install']
[2.469s] Level 1:colcon.colcon_core.package_identification:_identify(src/encoder_reader) by extension 'ignore'
[2.469s] Level 1:colcon.colcon_core.package_identification:_identify(src/encoder_reader) by extension 'ignore_ament_install'
[2.470s] Level 1:colcon.colcon_core.package_identification:_identify(src/encoder_reader) by extensions ['colcon_pkg']
[2.470s] Level 1:colcon.colcon_core.package_identification:_identify(src/encoder_reader) by extension 'colcon_pkg'
[2.470s] Level 1:colcon.colcon_core.package_identification:_identify(src/encoder_reader) by extensions ['colcon_meta']
[2.470s] Level 1:colcon.colcon_core.package_identification:_identify(src/encoder_reader) by extension 'colcon_meta'
[2.470s] Level 1:colcon.colcon_core.package_identification:_identify(src/encoder_reader) by extensions ['ros']
[2.470s] Level 1:colcon.colcon_core.package_identification:_identify(src/encoder_reader) by extension 'ros'
[2.486s] DEBUG:colcon.colcon_core.package_identification:Package 'src/encoder_reader' with type 'ros.ament_python' and name 'encoder_reader'
[2.487s] Level 1:colcon.colcon_core.package_identification:_identify(src/rover_control) by extensions ['ignore', 'ignore_ament_install']
[2.487s] Level 1:colcon.colcon_core.package_identification:_identify(src/rover_control) by extension 'ignore'
[2.488s] Level 1:colcon.colcon_core.package_identification:_identify(src/rover_control) by extension 'ignore_ament_install'
[2.488s] Level 1:colcon.colcon_core.package_identification:_identify(src/rover_control) by extensions ['colcon_pkg']
[2.488s] Level 1:colcon.colcon_core.package_identification:_identify(src/rover_control) by extension 'colcon_pkg'
[2.488s] Level 1:colcon.colcon_core.package_identification:_identify(src/rover_control) by extensions ['colcon_meta']
[2.489s] Level 1:colcon.colcon_core.package_identification:_identify(src/rover_control) by extension 'colcon_meta'
[2.489s] Level 1:colcon.colcon_core.package_identification:_identify(src/rover_control) by extensions ['ros']
[2.489s] Level 1:colcon.colcon_core.package_identification:_identify(src/rover_control) by extension 'ros'
[2.492s] DEBUG:colcon.colcon_core.package_identification:Package 'src/rover_control' with type 'ros.ament_python' and name 'rover_control'
[2.493s] Level 1:colcon.colcon_core.package_discovery:discover_packages(recursive) using defaults
[2.493s] Level 1:colcon.colcon_core.package_discovery:discover_packages(ignore) discover
[2.493s] Level 1:colcon.colcon_core.package_discovery:discover_packages(ignore) using defaults
[2.493s] Level 1:colcon.colcon_core.package_discovery:discover_packages(path) discover
[2.493s] Level 1:colcon.colcon_core.package_discovery:discover_packages(path) using defaults
[2.614s] Level 1:colcon.colcon_core.package_discovery:discover_packages(prefix_path) check parameters
[2.615s] Level 1:colcon.colcon_core.package_discovery:discover_packages(prefix_path) discover
[2.677s] DEBUG:colcon.colcon_installed_package_information.package_discovery:Found 2 installed packages in /home/abdul/ros2_ws/install
[2.688s] DEBUG:colcon.colcon_installed_package_information.package_discovery:Found 270 installed packages in /opt/ros/humble
[2.695s] Level 1:colcon.colcon_core.package_discovery:discover_packages(prefix_path) using defaults
[2.874s] Level 5:colcon.colcon_core.verb:set package 'encoder_reader' build argument 'cmake_args' from command line to 'None'
[2.874s] Level 5:colcon.colcon_core.verb:set package 'encoder_reader' build argument 'cmake_target' from command line to 'None'
[2.874s] Level 5:colcon.colcon_core.verb:set package 'encoder_reader' build argument 'cmake_target_skip_unavailable' from command line to 'False'
[2.875s] Level 5:colcon.colcon_core.verb:set package 'encoder_reader' build argument 'cmake_clean_cache' from command line to 'False'
[2.875s] Level 5:colcon.colcon_core.verb:set package 'encoder_reader' build argument 'cmake_clean_first' from command line to 'False'
[2.875s] Level 5:colcon.colcon_core.verb:set package 'encoder_reader' build argument 'cmake_force_configure' from command line to 'False'
[2.875s] Level 5:colcon.colcon_core.verb:set package 'encoder_reader' build argument 'ament_cmake_args' from command line to 'None'
[2.875s] Level 5:colcon.colcon_core.verb:set package 'encoder_reader' build argument 'catkin_cmake_args' from command line to 'None'
[2.875s] Level 5:colcon.colcon_core.verb:set package 'encoder_reader' build argument 'catkin_skip_building_tests' from command line to 'False'
[2.875s] DEBUG:colcon.colcon_core.verb:Building package 'encoder_reader' with the following arguments: {'ament_cmake_args': None, 'build_base': '/home/abdul/ros2_ws/build/encoder_reader', 'catkin_cmake_args': None, 'catkin_skip_building_tests': False, 'cmake_args': None, 'cmake_clean_cache': False, 'cmake_clean_first': False, 'cmake_force_configure': False, 'cmake_target': None, 'cmake_target_skip_unavailable': False, 'install_base': '/home/abdul/ros2_ws/install/encoder_reader', 'merge_install': False, 'path': '/home/abdul/ros2_ws/src/encoder_reader', 'symlink_install': False, 'test_result_base': None}
[2.877s] Level 5:colcon.colcon_core.verb:set package 'rover_control' build argument 'cmake_args' from command line to 'None'
[2.877s] Level 5:colcon.colcon_core.verb:set package 'rover_control' build argument 'cmake_target' from command line to 'None'
[2.877s] Level 5:colcon.colcon_core.verb:set package 'rover_control' build argument 'cmake_target_skip_unavailable' from command line to 'False'
[2.877s] Level 5:colcon.colcon_core.verb:set package 'rover_control' build argument 'cmake_clean_cache' from command line to 'False'
[2.877s] Level 5:colcon.colcon_core.verb:set package 'rover_control' build argument 'cmake_clean_first' from command line to 'False'
[2.878s] Level 5:colcon.colcon_core.verb:set package 'rover_control' build argument 'cmake_force_configure' from command line to 'False'
[2.878s] Level 5:colcon.colcon_core.verb:set package 'rover_control' build argument 'ament_cmake_args' from command line to 'None'
[2.878s] Level 5:colcon.colcon_core.verb:set package 'rover_control' build argument 'catkin_cmake_args' from command line to 'None'
[2.878s] Level 5:colcon.colcon_core.verb:set package 'rover_control' build argument 'catkin_skip_building_tests' from command line to 'False'
[2.878s] DEBUG:colcon.colcon_core.verb:Building package 'rover_control' with the following arguments: {'ament_cmake_args': None, 'build_base': '/home/abdul/ros2_ws/build/rover_control', 'catkin_cmake_args': None, 'catkin_skip_building_tests': False, 'cmake_args': None, 'cmake_clean_cache': False, 'cmake_clean_first': False, 'cmake_force_configure': False, 'cmake_target': None, 'cmake_target_skip_unavailable': False, 'install_base': '/home/abdul/ros2_ws/install/rover_control', 'merge_install': False, 'path': '/home/abdul/ros2_ws/src/rover_control', 'symlink_install': False, 'test_result_base': None}
[2.879s] INFO:colcon.colcon_core.executor:Executing jobs using 'parallel' executor
[2.882s] DEBUG:colcon.colcon_parallel_executor.executor.parallel:run_until_complete
[2.884s] INFO:colcon.colcon_ros.task.ament_python.build:Building ROS package in '/home/abdul/ros2_ws/src/encoder_reader' with build type 'ament_python'
[2.884s] Level 1:colcon.colcon_core.shell:create_environment_hook('encoder_reader', 'ament_prefix_path')
[2.906s] INFO:colcon.colcon_core.plugin_system:Skipping extension 'colcon_core.shell.bat': Not used on non-Windows systems
[2.907s] INFO:colcon.colcon_core.shell:Creating environment hook '/home/abdul/ros2_ws/install/encoder_reader/share/encoder_reader/hook/ament_prefix_path.ps1'
[2.912s] INFO:colcon.colcon_core.shell:Creating environment descriptor '/home/abdul/ros2_ws/install/encoder_reader/share/encoder_reader/hook/ament_prefix_path.dsv'
[2.916s] INFO:colcon.colcon_core.shell:Creating environment hook '/home/abdul/ros2_ws/install/encoder_reader/share/encoder_reader/hook/ament_prefix_path.sh'
[2.921s] INFO:colcon.colcon_core.shell:Skip shell extension 'powershell' for command environment: Not usable outside of PowerShell
[2.921s] DEBUG:colcon.colcon_core.shell:Skip shell extension 'dsv' for command environment
[2.945s] INFO:colcon.colcon_ros.task.ament_python.build:Building ROS package in '/home/abdul/ros2_ws/src/rover_control' with build type 'ament_python'
[2.946s] Level 1:colcon.colcon_core.shell:create_environment_hook('rover_control', 'ament_prefix_path')
[2.947s] INFO:colcon.colcon_core.shell:Creating environment hook '/home/abdul/ros2_ws/install/rover_control/share/rover_control/hook/ament_prefix_path.ps1'
[2.950s] INFO:colcon.colcon_core.shell:Creating environment descriptor '/home/abdul/ros2_ws/install/rover_control/share/rover_control/hook/ament_prefix_path.dsv'
[2.953s] INFO:colcon.colcon_core.shell:Creating environment hook '/home/abdul/ros2_ws/install/rover_control/share/rover_control/hook/ament_prefix_path.sh'
[2.956s] INFO:colcon.colcon_core.shell:Skip shell extension 'powershell' for command environment: Not usable outside of PowerShell
[2.957s] DEBUG:colcon.colcon_core.shell:Skip shell extension 'dsv' for command environment
[4.232s] INFO:colcon.colcon_core.task.python.build:Building Python package in '/home/abdul/ros2_ws/src/encoder_reader'
[4.233s] INFO:colcon.colcon_core.shell:Skip shell extension 'powershell' for command environment: Not usable outside of PowerShell
[4.233s] DEBUG:colcon.colcon_core.shell:Skip shell extension 'dsv' for command environment
[5.490s] INFO:colcon.colcon_core.task.python.build:Building Python package in '/home/abdul/ros2_ws/src/rover_control'
[5.492s] INFO:colcon.colcon_core.shell:Skip shell extension 'powershell' for command environment: Not usable outside of PowerShell
[5.492s] DEBUG:colcon.colcon_core.shell:Skip shell extension 'dsv' for command environment
[7.617s] DEBUG:colcon.colcon_core.event_handler.log_command:Invoking command in '/home/abdul/ros2_ws/src/encoder_reader': PYTHONPATH=/home/abdul/ros2_ws/build/encoder_reader/prefix_override:/home/abdul/ros2_ws/install/encoder_reader/lib/python3.10/site-packages:${PYTHONPATH} /usr/bin/python3 -W ignore:setup.py install is deprecated setup.py egg_info --egg-base ../../build/encoder_reader build --build-base /home/abdul/ros2_ws/build/encoder_reader/build install --record /home/abdul/ros2_ws/build/encoder_reader/install.log --single-version-externally-managed install_data
[7.645s] DEBUG:colcon.colcon_core.event_handler.log_command:Invoking command in '/home/abdul/ros2_ws/src/rover_control': PYTHONPATH=/home/abdul/ros2_ws/build/rover_control/prefix_override:/home/abdul/ros2_ws/install/rover_control/lib/python3.10/site-packages:${PYTHONPATH} /usr/bin/python3 -W ignore:setup.py install is deprecated setup.py egg_info --egg-base ../../build/rover_control build --build-base /home/abdul/ros2_ws/build/rover_control/build install --record /home/abdul/ros2_ws/build/rover_control/install.log --single-version-externally-managed install_data
[9.336s] DEBUG:colcon.colcon_core.event_handler.log_command:Invoked command in '/home/abdul/ros2_ws/src/encoder_reader' returned '0': PYTHONPATH=/home/abdul/ros2_ws/build/encoder_reader/prefix_override:/home/abdul/ros2_ws/install/encoder_reader/lib/python3.10/site-packages:${PYTHONPATH} /usr/bin/python3 -W ignore:setup.py install is deprecated setup.py egg_info --egg-base ../../build/encoder_reader build --build-base /home/abdul/ros2_ws/build/encoder_reader/build install --record /home/abdul/ros2_ws/build/encoder_reader/install.log --single-version-externally-managed install_data
[9.372s] Level 1:colcon.colcon_core.environment:checking '/home/abdul/ros2_ws/install/encoder_reader' for CMake module files
[9.375s] Level 1:colcon.colcon_core.environment:checking '/home/abdul/ros2_ws/install/encoder_reader' for CMake config files
[9.379s] Level 1:colcon.colcon_core.environment:checking '/home/abdul/ros2_ws/install/encoder_reader/lib'
[9.380s] Level 1:colcon.colcon_core.environment:checking '/home/abdul/ros2_ws/install/encoder_reader/bin'
[9.381s] Level 1:colcon.colcon_core.environment:checking '/home/abdul/ros2_ws/install/encoder_reader/lib/pkgconfig/encoder_reader.pc'
[9.382s] Level 1:colcon.colcon_core.environment:checking '/home/abdul/ros2_ws/install/encoder_reader/lib/python3.10/site-packages'
[9.382s] Level 1:colcon.colcon_core.shell:create_environment_hook('encoder_reader', 'pythonpath')
[9.383s] INFO:colcon.colcon_core.shell:Creating environment hook '/home/abdul/ros2_ws/install/encoder_reader/share/encoder_reader/hook/pythonpath.ps1'
[9.385s] INFO:colcon.colcon_core.shell:Creating environment descriptor '/home/abdul/ros2_ws/install/encoder_reader/share/encoder_reader/hook/pythonpath.dsv'
[9.387s] INFO:colcon.colcon_core.shell:Creating environment hook '/home/abdul/ros2_ws/install/encoder_reader/share/encoder_reader/hook/pythonpath.sh'
[9.390s] Level 1:colcon.colcon_core.environment:checking '/home/abdul/ros2_ws/install/encoder_reader/bin'
[9.390s] Level 1:colcon.colcon_core.environment:create_environment_scripts_only(encoder_reader)
[9.392s] INFO:colcon.colcon_core.shell:Creating package script '/home/abdul/ros2_ws/install/encoder_reader/share/encoder_reader/package.ps1'
[9.407s] INFO:colcon.colcon_core.shell:Creating package descriptor '/home/abdul/ros2_ws/install/encoder_reader/share/encoder_reader/package.dsv'
[9.412s] INFO:colcon.colcon_core.shell:Creating package script '/home/abdul/ros2_ws/install/encoder_reader/share/encoder_reader/package.sh'
[9.420s] INFO:colcon.colcon_core.shell:Creating package script '/home/abdul/ros2_ws/install/encoder_reader/share/encoder_reader/package.bash'
[9.430s] INFO:colcon.colcon_core.shell:Creating package script '/home/abdul/ros2_ws/install/encoder_reader/share/encoder_reader/package.zsh'
[9.439s] Level 1:colcon.colcon_core.environment:create_file_with_runtime_dependencies(/home/abdul/ros2_ws/install/encoder_reader/share/colcon-core/packages/encoder_reader)
[9.445s] Level 1:colcon.colcon_core.environment:checking '/home/abdul/ros2_ws/install/rover_control' for CMake module files
[9.449s] DEBUG:colcon.colcon_core.event_handler.log_command:Invoked command in '/home/abdul/ros2_ws/src/rover_control' returned '0': PYTHONPATH=/home/abdul/ros2_ws/build/rover_control/prefix_override:/home/abdul/ros2_ws/install/rover_control/lib/python3.10/site-packages:${PYTHONPATH} /usr/bin/python3 -W ignore:setup.py install is deprecated setup.py egg_info --egg-base ../../build/rover_control build --build-base /home/abdul/ros2_ws/build/rover_control/build install --record /home/abdul/ros2_ws/build/rover_control/install.log --single-version-externally-managed install_data
[9.451s] Level 1:colcon.colcon_core.environment:checking '/home/abdul/ros2_ws/install/rover_control' for CMake config files
[9.455s] Level 1:colcon.colcon_core.environment:checking '/home/abdul/ros2_ws/install/rover_control/lib'
[9.455s] Level 1:colcon.colcon_core.environment:checking '/home/abdul/ros2_ws/install/rover_control/bin'
[9.456s] Level 1:colcon.colcon_core.environment:checking '/home/abdul/ros2_ws/install/rover_control/lib/pkgconfig/rover_control.pc'
[9.457s] Level 1:colcon.colcon_core.environment:checking '/home/abdul/ros2_ws/install/rover_control/lib/python3.10/site-packages'
[9.457s] Level 1:colcon.colcon_core.shell:create_environment_hook('rover_control', 'pythonpath')
[9.458s] INFO:colcon.colcon_core.shell:Creating environment hook '/home/abdul/ros2_ws/install/rover_control/share/rover_control/hook/pythonpath.ps1'
[9.460s] INFO:colcon.colcon_core.shell:Creating environment descriptor '/home/abdul/ros2_ws/install/rover_control/share/rover_control/hook/pythonpath.dsv'
[9.462s] INFO:colcon.colcon_core.shell:Creating environment hook '/home/abdul/ros2_ws/install/rover_control/share/rover_control/hook/pythonpath.sh'
[9.465s] Level 1:colcon.colcon_core.environment:checking '/home/abdul/ros2_ws/install/rover_control/bin'
[9.466s] Level 1:colcon.colcon_core.environment:create_environment_scripts_only(rover_control)
[9.467s] INFO:colcon.colcon_core.shell:Creating package script '/home/abdul/ros2_ws/install/rover_control/share/rover_control/package.ps1'
[9.471s] INFO:colcon.colcon_core.shell:Creating package descriptor '/home/abdul/ros2_ws/install/rover_control/share/rover_control/package.dsv'
[9.474s] INFO:colcon.colcon_core.shell:Creating package script '/home/abdul/ros2_ws/install/rover_control/share/rover_control/package.sh'
[9.476s] INFO:colcon.colcon_core.shell:Creating package script '/home/abdul/ros2_ws/install/rover_control/share/rover_control/package.bash'
[9.478s] INFO:colcon.colcon_core.shell:Creating package script '/home/abdul/ros2_ws/install/rover_control/share/rover_control/package.zsh'
[9.479s] Level 1:colcon.colcon_core.environment:create_file_with_runtime_dependencies(/home/abdul/ros2_ws/install/rover_control/share/colcon-core/packages/rover_control)
[9.480s] DEBUG:colcon.colcon_parallel_executor.executor.parallel:closing loop
[9.481s] DEBUG:colcon.colcon_parallel_executor.executor.parallel:loop closed
[9.482s] DEBUG:colcon.colcon_parallel_executor.executor.parallel:run_until_complete finished with '0'
[9.482s] DEBUG:colcon.colcon_core.event_reactor:joining thread
[9.527s] INFO:colcon.colcon_core.plugin_system:Skipping extension 'colcon_notification.desktop_notification.terminal_notifier': Not used on non-Darwin systems
[9.528s] INFO:colcon.colcon_core.plugin_system:Skipping extension 'colcon_notification.desktop_notification.win32': Not used on non-Windows systems
[9.528s] INFO:colcon.colcon_notification.desktop_notification:Sending desktop notification using 'notify2'
[10.830s] DEBUG:colcon.colcon_core.event_reactor:joined thread
[10.832s] INFO:colcon.colcon_core.shell:Creating prefix script '/home/abdul/ros2_ws/install/local_setup.ps1'
[10.846s] INFO:colcon.colcon_core.shell:Creating prefix util module '/home/abdul/ros2_ws/install/_local_setup_util_ps1.py'
[10.855s] INFO:colcon.colcon_core.shell:Creating prefix chain script '/home/abdul/ros2_ws/install/setup.ps1'
[10.865s] INFO:colcon.colcon_core.shell:Creating prefix script '/home/abdul/ros2_ws/install/local_setup.sh'
[10.873s] INFO:colcon.colcon_core.shell:Creating prefix util module '/home/abdul/ros2_ws/install/_local_setup_util_sh.py'
[10.878s] INFO:colcon.colcon_core.shell:Creating prefix chain script '/home/abdul/ros2_ws/install/setup.sh'
[10.887s] INFO:colcon.colcon_core.shell:Creating prefix script '/home/abdul/ros2_ws/install/local_setup.bash'
[10.892s] INFO:colcon.colcon_core.shell:Creating prefix chain script '/home/abdul/ros2_ws/install/setup.bash'
[10.899s] INFO:colcon.colcon_core.shell:Creating prefix script '/home/abdul/ros2_ws/install/local_setup.zsh'
[10.904s] INFO:colcon.colcon_core.shell:Creating prefix chain script '/home/abdul/ros2_ws/install/setup.zsh'
