[4.870s] Invoking command in '/home/abdul/ros2_ws/build/encoder_reader': PYTHONPATH=/home/abdul/ros2_ws/build/encoder_reader/prefix_override:/home/abdul/ros2_ws/install/encoder_reader/lib/python3.10/site-packages:${PYTHONPATH} /usr/bin/python3 -W ignore:setup.py install is deprecated setup.py develop --editable --build-directory /home/abdul/ros2_ws/build/encoder_reader/build --no-deps symlink_data
[6.382s] running develop
[6.385s] /usr/lib/python3/dist-packages/setuptools/command/easy_install.py:158: EasyInstallDeprecationWarning: easy_install command is deprecated. Use build and pip and other standards-based tools.
[6.388s]   warnings.warn(
[7.377s] running egg_info
[7.377s] creating encoder_reader.egg-info
[7.379s] writing encoder_reader.egg-info/PKG-INFO
[7.382s] writing dependency_links to encoder_reader.egg-info/dependency_links.txt
[7.383s] writing entry points to encoder_reader.egg-info/entry_points.txt
[7.383s] writing requirements to encoder_reader.egg-info/requires.txt
[7.384s] writing top-level names to encoder_reader.egg-info/top_level.txt
[7.385s] writing manifest file 'encoder_reader.egg-info/SOURCES.txt'
[7.390s] reading manifest file 'encoder_reader.egg-info/SOURCES.txt'
[7.392s] writing manifest file 'encoder_reader.egg-info/SOURCES.txt'
[7.403s] running build_ext
[7.405s] Creating /home/abdul/ros2_ws/install/encoder_reader/lib/python3.10/site-packages/encoder-reader.egg-link (link to .)
[7.412s] Installing encoder_reader_node script to /home/abdul/ros2_ws/install/encoder_reader/lib/encoder_reader
[7.427s] 
[7.430s] Installed /home/abdul/ros2_ws/build/encoder_reader
[7.432s] running symlink_data
[7.441s] creating /home/abdul/ros2_ws/install/encoder_reader/share/ament_index
[7.453s] creating /home/abdul/ros2_ws/install/encoder_reader/share/ament_index/resource_index
[7.456s] creating /home/abdul/ros2_ws/install/encoder_reader/share/ament_index/resource_index/packages
[7.465s] symbolically linking /home/abdul/ros2_ws/build/encoder_reader/resource/encoder_reader -> /home/abdul/ros2_ws/install/encoder_reader/share/ament_index/resource_index/packages
[7.467s] symbolically linking /home/abdul/ros2_ws/build/encoder_reader/package.xml -> /home/abdul/ros2_ws/install/encoder_reader/share/encoder_reader
[7.817s] Invoked command in '/home/abdul/ros2_ws/build/encoder_reader' returned '0': PYTHONPATH=/home/abdul/ros2_ws/build/encoder_reader/prefix_override:/home/abdul/ros2_ws/install/encoder_reader/lib/python3.10/site-packages:${PYTHONPATH} /usr/bin/python3 -W ignore:setup.py install is deprecated setup.py develop --editable --build-directory /home/abdul/ros2_ws/build/encoder_reader/build --no-deps symlink_data
