[0.468s] DEBUG:colcon:Command line arguments: ['/usr/bin/colcon', 'build', '--symlink-install']
[0.468s] DEBUG:colcon:Parsed command line arguments: Namespace(log_base=None, log_level=None, verb_name='build', build_base='build', install_base='install', merge_install=False, symlink_install=True, test_result_base=None, continue_on_error=False, executor='parallel', parallel_workers=4, event_handlers=None, ignore_user_meta=False, metas=['./colcon.meta'], base_paths=['.'], packages_ignore=None, packages_ignore_regex=None, paths=None, packages_up_to=None, packages_up_to_regex=None, packages_above=None, packages_above_and_dependencies=None, packages_above_depth=None, packages_select_by_dep=None, packages_skip_by_dep=None, packages_skip_up_to=None, packages_select_build_failed=False, packages_skip_build_finished=False, packages_select_test_failures=False, packages_skip_test_passed=False, packages_select=None, packages_skip=None, packages_select_regex=None, packages_skip_regex=None, packages_start=None, packages_end=None, allow_overriding=[], cmake_args=None, cmake_target=None, cmake_target_skip_unavailable=False, cmake_clean_cache=False, cmake_clean_first=False, cmake_force_configure=False, ament_cmake_args=None, catkin_cmake_args=None, catkin_skip_building_tests=False, mixin_files=None, mixin=None, verb_parser=<colcon_mixin.mixin.mixin_argument.MixinArgumentDecorator object at 0xffffb389df90>, verb_extension=<colcon_core.verb.build.BuildVerb object at 0xffffb389da20>, main=<bound method BuildVerb.main of <colcon_core.verb.build.BuildVerb object at 0xffffb389da20>>, mixin_verb=('build',))
[1.310s] Level 1:colcon.colcon_core.package_discovery:discover_packages(colcon_meta) check parameters
[1.311s] Level 1:colcon.colcon_core.package_discovery:discover_packages(recursive) check parameters
[1.311s] Level 1:colcon.colcon_core.package_discovery:discover_packages(ignore) check parameters
[1.311s] Level 1:colcon.colcon_core.package_discovery:discover_packages(path) check parameters
[1.311s] Level 1:colcon.colcon_core.package_discovery:discover_packages(colcon_meta) discover
[1.311s] Level 1:colcon.colcon_core.package_discovery:discover_packages(recursive) discover
[1.311s] INFO:colcon.colcon_core.package_discovery:Crawling recursively for packages in '/home/abdul/ros2_ws'
[1.312s] Level 1:colcon.colcon_core.package_identification:_identify(.) by extensions ['ignore', 'ignore_ament_install']
[1.312s] Level 1:colcon.colcon_core.package_identification:_identify(.) by extension 'ignore'
[1.312s] Level 1:colcon.colcon_core.package_identification:_identify(.) by extension 'ignore_ament_install'
[1.313s] Level 1:colcon.colcon_core.package_identification:_identify(.) by extensions ['colcon_pkg']
[1.313s] Level 1:colcon.colcon_core.package_identification:_identify(.) by extension 'colcon_pkg'
[1.313s] Level 1:colcon.colcon_core.package_identification:_identify(.) by extensions ['colcon_meta']
[1.313s] Level 1:colcon.colcon_core.package_identification:_identify(.) by extension 'colcon_meta'
[1.313s] Level 1:colcon.colcon_core.package_identification:_identify(.) by extensions ['ros']
[1.313s] Level 1:colcon.colcon_core.package_identification:_identify(.) by extension 'ros'
[1.361s] Level 1:colcon.colcon_core.package_identification:_identify(.) by extensions ['cmake', 'python']
[1.361s] Level 1:colcon.colcon_core.package_identification:_identify(.) by extension 'cmake'
[1.361s] Level 1:colcon.colcon_core.package_identification:_identify(.) by extension 'python'
[1.361s] Level 1:colcon.colcon_core.package_identification:_identify(.) by extensions ['python_setup_py']
[1.361s] Level 1:colcon.colcon_core.package_identification:_identify(.) by extension 'python_setup_py'
[1.362s] Level 1:colcon.colcon_core.package_identification:_identify(build) by extensions ['ignore', 'ignore_ament_install']
[1.362s] Level 1:colcon.colcon_core.package_identification:_identify(build) by extension 'ignore'
[1.363s] Level 1:colcon.colcon_core.package_identification:_identify(build) ignored
[1.363s] Level 1:colcon.colcon_core.package_identification:_identify(install) by extensions ['ignore', 'ignore_ament_install']
[1.363s] Level 1:colcon.colcon_core.package_identification:_identify(install) by extension 'ignore'
[1.364s] Level 1:colcon.colcon_core.package_identification:_identify(install) ignored
[1.364s] Level 1:colcon.colcon_core.package_identification:_identify(log) by extensions ['ignore', 'ignore_ament_install']
[1.364s] Level 1:colcon.colcon_core.package_identification:_identify(log) by extension 'ignore'
[1.365s] Level 1:colcon.colcon_core.package_identification:_identify(log) ignored
[1.365s] Level 1:colcon.colcon_core.package_identification:_identify(src) by extensions ['ignore', 'ignore_ament_install']
[1.365s] Level 1:colcon.colcon_core.package_identification:_identify(src) by extension 'ignore'
[1.365s] Level 1:colcon.colcon_core.package_identification:_identify(src) by extension 'ignore_ament_install'
[1.366s] Level 1:colcon.colcon_core.package_identification:_identify(src) by extensions ['colcon_pkg']
[1.366s] Level 1:colcon.colcon_core.package_identification:_identify(src) by extension 'colcon_pkg'
[1.366s] Level 1:colcon.colcon_core.package_identification:_identify(src) by extensions ['colcon_meta']
[1.366s] Level 1:colcon.colcon_core.package_identification:_identify(src) by extension 'colcon_meta'
[1.366s] Level 1:colcon.colcon_core.package_identification:_identify(src) by extensions ['ros']
[1.366s] Level 1:colcon.colcon_core.package_identification:_identify(src) by extension 'ros'
[1.367s] Level 1:colcon.colcon_core.package_identification:_identify(src) by extensions ['cmake', 'python']
[1.367s] Level 1:colcon.colcon_core.package_identification:_identify(src) by extension 'cmake'
[1.367s] Level 1:colcon.colcon_core.package_identification:_identify(src) by extension 'python'
[1.367s] Level 1:colcon.colcon_core.package_identification:_identify(src) by extensions ['python_setup_py']
[1.367s] Level 1:colcon.colcon_core.package_identification:_identify(src) by extension 'python_setup_py'
[1.368s] Level 1:colcon.colcon_core.package_identification:_identify(src/rover_control) by extensions ['ignore', 'ignore_ament_install']
[1.368s] Level 1:colcon.colcon_core.package_identification:_identify(src/rover_control) by extension 'ignore'
[1.368s] Level 1:colcon.colcon_core.package_identification:_identify(src/rover_control) by extension 'ignore_ament_install'
[1.368s] Level 1:colcon.colcon_core.package_identification:_identify(src/rover_control) by extensions ['colcon_pkg']
[1.368s] Level 1:colcon.colcon_core.package_identification:_identify(src/rover_control) by extension 'colcon_pkg'
[1.369s] Level 1:colcon.colcon_core.package_identification:_identify(src/rover_control) by extensions ['colcon_meta']
[1.369s] Level 1:colcon.colcon_core.package_identification:_identify(src/rover_control) by extension 'colcon_meta'
[1.369s] Level 1:colcon.colcon_core.package_identification:_identify(src/rover_control) by extensions ['ros']
[1.369s] Level 1:colcon.colcon_core.package_identification:_identify(src/rover_control) by extension 'ros'
[1.377s] DEBUG:colcon.colcon_core.package_identification:Package 'src/rover_control' with type 'ros.ament_python' and name 'rover_control'
[1.377s] Level 1:colcon.colcon_core.package_discovery:discover_packages(recursive) using defaults
[1.378s] Level 1:colcon.colcon_core.package_discovery:discover_packages(ignore) discover
[1.378s] Level 1:colcon.colcon_core.package_discovery:discover_packages(ignore) using defaults
[1.378s] Level 1:colcon.colcon_core.package_discovery:discover_packages(path) discover
[1.378s] Level 1:colcon.colcon_core.package_discovery:discover_packages(path) using defaults
[1.459s] Level 1:colcon.colcon_core.package_discovery:discover_packages(prefix_path) check parameters
[1.459s] Level 1:colcon.colcon_core.package_discovery:discover_packages(prefix_path) discover
[1.467s] DEBUG:colcon.colcon_installed_package_information.package_discovery:Found 1 installed packages in /home/abdul/ros2_ws/install
[1.476s] DEBUG:colcon.colcon_installed_package_information.package_discovery:Found 270 installed packages in /opt/ros/humble
[1.522s] Level 1:colcon.colcon_core.package_discovery:discover_packages(prefix_path) using defaults
[1.683s] Level 5:colcon.colcon_core.verb:set package 'rover_control' build argument 'cmake_args' from command line to 'None'
[1.683s] Level 5:colcon.colcon_core.verb:set package 'rover_control' build argument 'cmake_target' from command line to 'None'
[1.684s] Level 5:colcon.colcon_core.verb:set package 'rover_control' build argument 'cmake_target_skip_unavailable' from command line to 'False'
[1.684s] Level 5:colcon.colcon_core.verb:set package 'rover_control' build argument 'cmake_clean_cache' from command line to 'False'
[1.684s] Level 5:colcon.colcon_core.verb:set package 'rover_control' build argument 'cmake_clean_first' from command line to 'False'
[1.684s] Level 5:colcon.colcon_core.verb:set package 'rover_control' build argument 'cmake_force_configure' from command line to 'False'
[1.684s] Level 5:colcon.colcon_core.verb:set package 'rover_control' build argument 'ament_cmake_args' from command line to 'None'
[1.684s] Level 5:colcon.colcon_core.verb:set package 'rover_control' build argument 'catkin_cmake_args' from command line to 'None'
[1.684s] Level 5:colcon.colcon_core.verb:set package 'rover_control' build argument 'catkin_skip_building_tests' from command line to 'False'
[1.684s] DEBUG:colcon.colcon_core.verb:Building package 'rover_control' with the following arguments: {'ament_cmake_args': None, 'build_base': '/home/abdul/ros2_ws/build/rover_control', 'catkin_cmake_args': None, 'catkin_skip_building_tests': False, 'cmake_args': None, 'cmake_clean_cache': False, 'cmake_clean_first': False, 'cmake_force_configure': False, 'cmake_target': None, 'cmake_target_skip_unavailable': False, 'install_base': '/home/abdul/ros2_ws/install/rover_control', 'merge_install': False, 'path': '/home/abdul/ros2_ws/src/rover_control', 'symlink_install': True, 'test_result_base': None}
[1.685s] INFO:colcon.colcon_core.executor:Executing jobs using 'parallel' executor
[1.688s] DEBUG:colcon.colcon_parallel_executor.executor.parallel:run_until_complete
[1.689s] INFO:colcon.colcon_ros.task.ament_python.build:Building ROS package in '/home/abdul/ros2_ws/src/rover_control' with build type 'ament_python'
[1.690s] Level 1:colcon.colcon_core.shell:create_environment_hook('rover_control', 'ament_prefix_path')
[1.699s] INFO:colcon.colcon_core.plugin_system:Skipping extension 'colcon_core.shell.bat': Not used on non-Windows systems
[1.699s] INFO:colcon.colcon_core.shell:Creating environment hook '/home/abdul/ros2_ws/install/rover_control/share/rover_control/hook/ament_prefix_path.ps1'
[1.702s] INFO:colcon.colcon_core.shell:Creating environment descriptor '/home/abdul/ros2_ws/install/rover_control/share/rover_control/hook/ament_prefix_path.dsv'
[1.705s] INFO:colcon.colcon_core.shell:Creating environment hook '/home/abdul/ros2_ws/install/rover_control/share/rover_control/hook/ament_prefix_path.sh'
[1.710s] INFO:colcon.colcon_core.shell:Skip shell extension 'powershell' for command environment: Not usable outside of PowerShell
[1.711s] DEBUG:colcon.colcon_core.shell:Skip shell extension 'dsv' for command environment
[3.040s] INFO:colcon.colcon_core.task.python.build:Building Python package in '/home/abdul/ros2_ws/src/rover_control'
[3.041s] INFO:colcon.colcon_core.shell:Skip shell extension 'powershell' for command environment: Not usable outside of PowerShell
[3.042s] DEBUG:colcon.colcon_core.shell:Skip shell extension 'dsv' for command environment
[4.610s] DEBUG:colcon.colcon_core.event_handler.log_command:Invoking command in '/home/abdul/ros2_ws/build/rover_control': PYTHONPATH=/home/abdul/ros2_ws/build/rover_control/prefix_override:/home/abdul/ros2_ws/install/rover_control/lib/python3.10/site-packages:${PYTHONPATH} /usr/bin/python3 -W ignore:setup.py install is deprecated setup.py develop --editable --build-directory /home/abdul/ros2_ws/build/rover_control/build --no-deps symlink_data
[6.900s] Level 1:colcon.colcon_core.shell:create_environment_hook('rover_control', 'pythonpath_develop')
[6.901s] INFO:colcon.colcon_core.shell:Creating environment hook '/home/abdul/ros2_ws/build/rover_control/share/rover_control/hook/pythonpath_develop.ps1'
[6.902s] DEBUG:colcon.colcon_core.event_handler.log_command:Invoked command in '/home/abdul/ros2_ws/build/rover_control' returned '0': PYTHONPATH=/home/abdul/ros2_ws/build/rover_control/prefix_override:/home/abdul/ros2_ws/install/rover_control/lib/python3.10/site-packages:${PYTHONPATH} /usr/bin/python3 -W ignore:setup.py install is deprecated setup.py develop --editable --build-directory /home/abdul/ros2_ws/build/rover_control/build --no-deps symlink_data
[6.904s] INFO:colcon.colcon_core.shell:Creating environment descriptor '/home/abdul/ros2_ws/build/rover_control/share/rover_control/hook/pythonpath_develop.dsv'
[6.906s] INFO:colcon.colcon_core.shell:Creating environment hook '/home/abdul/ros2_ws/build/rover_control/share/rover_control/hook/pythonpath_develop.sh'
[6.921s] Level 1:colcon.colcon_core.environment:checking '/home/abdul/ros2_ws/install/rover_control' for CMake module files
[6.924s] Level 1:colcon.colcon_core.environment:checking '/home/abdul/ros2_ws/install/rover_control' for CMake config files
[6.927s] Level 1:colcon.colcon_core.environment:checking '/home/abdul/ros2_ws/install/rover_control/lib'
[6.928s] Level 1:colcon.colcon_core.environment:checking '/home/abdul/ros2_ws/install/rover_control/bin'
[6.929s] Level 1:colcon.colcon_core.environment:checking '/home/abdul/ros2_ws/install/rover_control/lib/pkgconfig/rover_control.pc'
[6.929s] Level 1:colcon.colcon_core.environment:checking '/home/abdul/ros2_ws/install/rover_control/lib/python3.10/site-packages'
[6.930s] Level 1:colcon.colcon_core.shell:create_environment_hook('rover_control', 'pythonpath')
[6.931s] INFO:colcon.colcon_core.shell:Creating environment hook '/home/abdul/ros2_ws/install/rover_control/share/rover_control/hook/pythonpath.ps1'
[6.932s] INFO:colcon.colcon_core.shell:Creating environment descriptor '/home/abdul/ros2_ws/install/rover_control/share/rover_control/hook/pythonpath.dsv'
[6.934s] INFO:colcon.colcon_core.shell:Creating environment hook '/home/abdul/ros2_ws/install/rover_control/share/rover_control/hook/pythonpath.sh'
[6.937s] Level 1:colcon.colcon_core.environment:checking '/home/abdul/ros2_ws/install/rover_control/bin'
[6.937s] Level 1:colcon.colcon_core.environment:create_environment_scripts_only(rover_control)
[6.939s] INFO:colcon.colcon_core.shell:Creating package script '/home/abdul/ros2_ws/install/rover_control/share/rover_control/package.ps1'
[6.942s] INFO:colcon.colcon_core.shell:Creating package descriptor '/home/abdul/ros2_ws/install/rover_control/share/rover_control/package.dsv'
[6.945s] INFO:colcon.colcon_core.shell:Creating package script '/home/abdul/ros2_ws/install/rover_control/share/rover_control/package.sh'
[6.948s] INFO:colcon.colcon_core.shell:Creating package script '/home/abdul/ros2_ws/install/rover_control/share/rover_control/package.bash'
[6.952s] INFO:colcon.colcon_core.shell:Creating package script '/home/abdul/ros2_ws/install/rover_control/share/rover_control/package.zsh'
[6.956s] Level 1:colcon.colcon_core.environment:create_file_with_runtime_dependencies(/home/abdul/ros2_ws/install/rover_control/share/colcon-core/packages/rover_control)
[6.959s] DEBUG:colcon.colcon_parallel_executor.executor.parallel:closing loop
[6.960s] DEBUG:colcon.colcon_parallel_executor.executor.parallel:loop closed
[6.960s] DEBUG:colcon.colcon_parallel_executor.executor.parallel:run_until_complete finished with '0'
[6.961s] DEBUG:colcon.colcon_core.event_reactor:joining thread
[6.985s] INFO:colcon.colcon_core.plugin_system:Skipping extension 'colcon_notification.desktop_notification.terminal_notifier': Not used on non-Darwin systems
[6.986s] INFO:colcon.colcon_core.plugin_system:Skipping extension 'colcon_notification.desktop_notification.win32': Not used on non-Windows systems
[6.986s] INFO:colcon.colcon_notification.desktop_notification:Sending desktop notification using 'notify2'
[7.053s] DEBUG:colcon.colcon_core.event_reactor:joined thread
[7.055s] INFO:colcon.colcon_core.shell:Creating prefix script '/home/abdul/ros2_ws/install/local_setup.ps1'
[7.064s] INFO:colcon.colcon_core.shell:Creating prefix util module '/home/abdul/ros2_ws/install/_local_setup_util_ps1.py'
[7.073s] INFO:colcon.colcon_core.shell:Creating prefix chain script '/home/abdul/ros2_ws/install/setup.ps1'
[7.078s] INFO:colcon.colcon_core.shell:Creating prefix script '/home/abdul/ros2_ws/install/local_setup.sh'
[7.081s] INFO:colcon.colcon_core.shell:Creating prefix util module '/home/abdul/ros2_ws/install/_local_setup_util_sh.py'
[7.083s] INFO:colcon.colcon_core.shell:Creating prefix chain script '/home/abdul/ros2_ws/install/setup.sh'
[7.087s] INFO:colcon.colcon_core.shell:Creating prefix script '/home/abdul/ros2_ws/install/local_setup.bash'
[7.091s] INFO:colcon.colcon_core.shell:Creating prefix chain script '/home/abdul/ros2_ws/install/setup.bash'
[7.096s] INFO:colcon.colcon_core.shell:Creating prefix script '/home/abdul/ros2_ws/install/local_setup.zsh'
[7.098s] INFO:colcon.colcon_core.shell:Creating prefix chain script '/home/abdul/ros2_ws/install/setup.zsh'
