[2.818s] Invoking command in '/home/abdul/ros2_ws/src/rover_control': PYTHONPATH=/home/abdul/ros2_ws/build/rover_control/prefix_override:/home/abdul/ros2_ws/install/rover_control/lib/python3.10/site-packages:${PYTHONPATH} /usr/bin/python3 -W ignore:setup.py install is deprecated setup.py egg_info --egg-base ../../build/rover_control build --build-base /home/abdul/ros2_ws/build/rover_control/build install --record /home/abdul/ros2_ws/build/rover_control/install.log --single-version-externally-managed install_data
[3.954s] running egg_info
[3.957s] writing ../../build/rover_control/rover_control.egg-info/PKG-INFO
[3.958s] writing dependency_links to ../../build/rover_control/rover_control.egg-info/dependency_links.txt
[3.959s] writing entry points to ../../build/rover_control/rover_control.egg-info/entry_points.txt
[3.960s] writing requirements to ../../build/rover_control/rover_control.egg-info/requires.txt
[3.960s] writing top-level names to ../../build/rover_control/rover_control.egg-info/top_level.txt
[3.969s] reading manifest file '../../build/rover_control/rover_control.egg-info/SOURCES.txt'
[3.972s] writing manifest file '../../build/rover_control/rover_control.egg-info/SOURCES.txt'
[3.973s] running build
[3.973s] running build_py
[3.974s] copying rover_control/rover_control_node.py -> /home/abdul/ros2_ws/build/rover_control/build/lib/rover_control
[3.976s] running install
[3.977s] running install_lib
[3.980s] copying /home/abdul/ros2_ws/build/rover_control/build/lib/rover_control/rover_control_node.py -> /home/abdul/ros2_ws/install/rover_control/lib/python3.10/site-packages/rover_control
[3.984s] byte-compiling /home/abdul/ros2_ws/install/rover_control/lib/python3.10/site-packages/rover_control/rover_control_node.py to rover_control_node.cpython-310.pyc
[3.988s] running install_data
[3.989s] running install_egg_info
[3.995s] removing '/home/abdul/ros2_ws/install/rover_control/lib/python3.10/site-packages/rover_control-0.0.0-py3.10.egg-info' (and everything under it)
[3.997s] Copying ../../build/rover_control/rover_control.egg-info to /home/abdul/ros2_ws/install/rover_control/lib/python3.10/site-packages/rover_control-0.0.0-py3.10.egg-info
[4.004s] running install_scripts
[4.088s] Installing rover_control_node script to /home/abdul/ros2_ws/install/rover_control/lib/rover_control
[4.089s] writing list of installed files to '/home/abdul/ros2_ws/build/rover_control/install.log'
[4.219s] Invoked command in '/home/abdul/ros2_ws/src/rover_control' returned '0': PYTHONPATH=/home/abdul/ros2_ws/build/rover_control/prefix_override:/home/abdul/ros2_ws/install/rover_control/lib/python3.10/site-packages:${PYTHONPATH} /usr/bin/python3 -W ignore:setup.py install is deprecated setup.py egg_info --egg-base ../../build/rover_control build --build-base /home/abdul/ros2_ws/build/rover_control/build install --record /home/abdul/ros2_ws/build/rover_control/install.log --single-version-externally-managed install_data
