[4.816s] Invoking command in '/home/abdul/ros2_ws/src/encoder_reader': PYTHONPATH=/home/abdul/ros2_ws/build/encoder_reader/prefix_override:/home/abdul/ros2_ws/install/encoder_reader/lib/python3.10/site-packages:${PYTHONPATH} /usr/bin/python3 -W ignore:setup.py install is deprecated setup.py egg_info --egg-base ../../build/encoder_reader build --build-base /home/abdul/ros2_ws/build/encoder_reader/build install --record /home/abdul/ros2_ws/build/encoder_reader/install.log --single-version-externally-managed install_data
[6.197s] running egg_info
[6.201s] writing ../../build/encoder_reader/encoder_reader.egg-info/PKG-INFO
[6.203s] writing dependency_links to ../../build/encoder_reader/encoder_reader.egg-info/dependency_links.txt
[6.207s] writing entry points to ../../build/encoder_reader/encoder_reader.egg-info/entry_points.txt
[6.209s] writing requirements to ../../build/encoder_reader/encoder_reader.egg-info/requires.txt
[6.210s] writing top-level names to ../../build/encoder_reader/encoder_reader.egg-info/top_level.txt
[6.218s] reading manifest file '../../build/encoder_reader/encoder_reader.egg-info/SOURCES.txt'
[6.221s] writing manifest file '../../build/encoder_reader/encoder_reader.egg-info/SOURCES.txt'
[6.222s] running build
[6.223s] running build_py
[6.224s] running install
[6.226s] running install_lib
[6.233s] running install_data
[6.235s] running install_egg_info
[6.241s] removing '/home/abdul/ros2_ws/install/encoder_reader/lib/python3.10/site-packages/encoder_reader-0.0.0-py3.10.egg-info' (and everything under it)
[6.245s] Copying ../../build/encoder_reader/encoder_reader.egg-info to /home/abdul/ros2_ws/install/encoder_reader/lib/python3.10/site-packages/encoder_reader-0.0.0-py3.10.egg-info
[6.254s] running install_scripts
[6.352s] Installing encoder_reader_node script to /home/abdul/ros2_ws/install/encoder_reader/lib/encoder_reader
[6.355s] writing list of installed files to '/home/abdul/ros2_ws/build/encoder_reader/install.log'
[6.559s] Invoked command in '/home/abdul/ros2_ws/src/encoder_reader' returned '0': PYTHONPATH=/home/abdul/ros2_ws/build/encoder_reader/prefix_override:/home/abdul/ros2_ws/install/encoder_reader/lib/python3.10/site-packages:${PYTHONPATH} /usr/bin/python3 -W ignore:setup.py install is deprecated setup.py egg_info --egg-base ../../build/encoder_reader build --build-base /home/abdul/ros2_ws/build/encoder_reader/build install --record /home/abdul/ros2_ws/build/encoder_reader/install.log --single-version-externally-managed install_data
