[5.059s] Invoking command in '/home/abdul/ros2_ws/src/encoder_reader': PYTHONPATH=/home/abdul/ros2_ws/build/encoder_reader/prefix_override:/home/abdul/ros2_ws/install/encoder_reader/lib/python3.10/site-packages:${PYTHONPATH} /usr/bin/python3 -W ignore:setup.py install is deprecated setup.py egg_info --egg-base ../../build/encoder_reader build --build-base /home/abdul/ros2_ws/build/encoder_reader/build install --record /home/abdul/ros2_ws/build/encoder_reader/install.log --single-version-externally-managed install_data
[6.385s] running egg_info
[6.389s] writing ../../build/encoder_reader/encoder_reader.egg-info/PKG-INFO
[6.391s] writing dependency_links to ../../build/encoder_reader/encoder_reader.egg-info/dependency_links.txt
[6.391s] writing entry points to ../../build/encoder_reader/encoder_reader.egg-info/entry_points.txt
[6.392s] writing requirements to ../../build/encoder_reader/encoder_reader.egg-info/requires.txt
[6.394s] writing top-level names to ../../build/encoder_reader/encoder_reader.egg-info/top_level.txt
[6.417s] reading manifest file '../../build/encoder_reader/encoder_reader.egg-info/SOURCES.txt'
[6.418s] writing manifest file '../../build/encoder_reader/encoder_reader.egg-info/SOURCES.txt'
[6.418s] running build
[6.419s] running build_py
[6.419s] running install
[6.421s] running install_lib
[6.423s] running install_data
[6.424s] running install_egg_info
[6.431s] removing '/home/abdul/ros2_ws/install/encoder_reader/lib/python3.10/site-packages/encoder_reader-0.0.0-py3.10.egg-info' (and everything under it)
[6.433s] Copying ../../build/encoder_reader/encoder_reader.egg-info to /home/abdul/ros2_ws/install/encoder_reader/lib/python3.10/site-packages/encoder_reader-0.0.0-py3.10.egg-info
[6.441s] running install_scripts
[6.550s] Installing encoder_reader_node script to /home/abdul/ros2_ws/install/encoder_reader/lib/encoder_reader
[6.556s] writing list of installed files to '/home/abdul/ros2_ws/build/encoder_reader/install.log'
[6.847s] Invoked command in '/home/abdul/ros2_ws/src/encoder_reader' returned '0': PYTHONPATH=/home/abdul/ros2_ws/build/encoder_reader/prefix_override:/home/abdul/ros2_ws/install/encoder_reader/lib/python3.10/site-packages:${PYTHONPATH} /usr/bin/python3 -W ignore:setup.py install is deprecated setup.py egg_info --egg-base ../../build/encoder_reader build --build-base /home/abdul/ros2_ws/build/encoder_reader/build install --record /home/abdul/ros2_ws/build/encoder_reader/install.log --single-version-externally-managed install_data
