[4.530s] Invoking command in '/home/abdul/ros2_ws/src/rover_control': PYTHONPATH=/home/abdul/ros2_ws/build/rover_control/prefix_override:/home/abdul/ros2_ws/install/rover_control/lib/python3.10/site-packages:${PYTHONPATH} /usr/bin/python3 -W ignore:setup.py install is deprecated setup.py egg_info --egg-base ../../build/rover_control build --build-base /home/abdul/ros2_ws/build/rover_control/build install --record /home/abdul/ros2_ws/build/rover_control/install.log --single-version-externally-managed install_data
[5.892s] running egg_info
[5.895s] writing ../../build/rover_control/rover_control.egg-info/PKG-INFO
[5.896s] writing dependency_links to ../../build/rover_control/rover_control.egg-info/dependency_links.txt
[5.898s] writing entry points to ../../build/rover_control/rover_control.egg-info/entry_points.txt
[5.903s] writing requirements to ../../build/rover_control/rover_control.egg-info/requires.txt
[5.904s] writing top-level names to ../../build/rover_control/rover_control.egg-info/top_level.txt
[5.912s] reading manifest file '../../build/rover_control/rover_control.egg-info/SOURCES.txt'
[5.923s] writing manifest file '../../build/rover_control/rover_control.egg-info/SOURCES.txt'
[5.927s] running build
[5.930s] running build_py
[5.935s] copying rover_control/rover_control_node.py -> /home/abdul/ros2_ws/build/rover_control/build/lib/rover_control
[5.955s] running install
[5.971s] running install_lib
[5.972s] copying /home/abdul/ros2_ws/build/rover_control/build/lib/rover_control/rover_control_node.py -> /home/abdul/ros2_ws/install/rover_control/lib/python3.10/site-packages/rover_control
[5.973s] byte-compiling /home/abdul/ros2_ws/install/rover_control/lib/python3.10/site-packages/rover_control/rover_control_node.py to rover_control_node.cpython-310.pyc
[5.975s] running install_data
[5.977s] running install_egg_info
[5.984s] removing '/home/abdul/ros2_ws/install/rover_control/lib/python3.10/site-packages/rover_control-0.0.0-py3.10.egg-info' (and everything under it)
[5.985s] Copying ../../build/rover_control/rover_control.egg-info to /home/abdul/ros2_ws/install/rover_control/lib/python3.10/site-packages/rover_control-0.0.0-py3.10.egg-info
[5.991s] running install_scripts
[6.059s] Installing pid_control_node script to /home/abdul/ros2_ws/install/rover_control/lib/rover_control
[6.062s] Installing rover_control_node script to /home/abdul/ros2_ws/install/rover_control/lib/rover_control
[6.066s] writing list of installed files to '/home/abdul/ros2_ws/build/rover_control/install.log'
[6.285s] Invoked command in '/home/abdul/ros2_ws/src/rover_control' returned '0': PYTHONPATH=/home/abdul/ros2_ws/build/rover_control/prefix_override:/home/abdul/ros2_ws/install/rover_control/lib/python3.10/site-packages:${PYTHONPATH} /usr/bin/python3 -W ignore:setup.py install is deprecated setup.py egg_info --egg-base ../../build/rover_control build --build-base /home/abdul/ros2_ws/build/rover_control/build install --record /home/abdul/ros2_ws/build/rover_control/install.log --single-version-externally-managed install_data
