[0.566s] DEBUG:colcon:Command line arguments: ['/usr/bin/colcon', 'build']
[0.567s] DEBUG:colcon:Parsed command line arguments: Namespace(log_base=None, log_level=None, verb_name='build', build_base='build', install_base='install', merge_install=False, symlink_install=False, test_result_base=None, continue_on_error=False, executor='parallel', parallel_workers=4, event_handlers=None, ignore_user_meta=False, metas=['./colcon.meta'], base_paths=['.'], packages_ignore=None, packages_ignore_regex=None, paths=None, packages_up_to=None, packages_up_to_regex=None, packages_above=None, packages_above_and_dependencies=None, packages_above_depth=None, packages_select_by_dep=None, packages_skip_by_dep=None, packages_skip_up_to=None, packages_select_build_failed=False, packages_skip_build_finished=False, packages_select_test_failures=False, packages_skip_test_passed=False, packages_select=None, packages_skip=None, packages_select_regex=None, packages_skip_regex=None, packages_start=None, packages_end=None, allow_overriding=[], cmake_args=None, cmake_target=None, cmake_target_skip_unavailable=False, cmake_clean_cache=False, cmake_clean_first=False, cmake_force_configure=False, ament_cmake_args=None, catkin_cmake_args=None, catkin_skip_building_tests=False, mixin_files=None, mixin=None, verb_parser=<colcon_mixin.mixin.mixin_argument.MixinArgumentDecorator object at 0xffff914a5f60>, verb_extension=<colcon_core.verb.build.BuildVerb object at 0xffff914a59f0>, main=<bound method BuildVerb.main of <colcon_core.verb.build.BuildVerb object at 0xffff914a59f0>>, mixin_verb=('build',))
[1.687s] Level 1:colcon.colcon_core.package_discovery:discover_packages(colcon_meta) check parameters
[1.688s] Level 1:colcon.colcon_core.package_discovery:discover_packages(recursive) check parameters
[1.688s] Level 1:colcon.colcon_core.package_discovery:discover_packages(ignore) check parameters
[1.689s] Level 1:colcon.colcon_core.package_discovery:discover_packages(path) check parameters
[1.689s] Level 1:colcon.colcon_core.package_discovery:discover_packages(colcon_meta) discover
[1.690s] Level 1:colcon.colcon_core.package_discovery:discover_packages(recursive) discover
[1.690s] INFO:colcon.colcon_core.package_discovery:Crawling recursively for packages in '/home/abdul/ros2_ws'
[1.691s] Level 1:colcon.colcon_core.package_identification:_identify(.) by extensions ['ignore', 'ignore_ament_install']
[1.691s] Level 1:colcon.colcon_core.package_identification:_identify(.) by extension 'ignore'
[1.692s] Level 1:colcon.colcon_core.package_identification:_identify(.) by extension 'ignore_ament_install'
[1.692s] Level 1:colcon.colcon_core.package_identification:_identify(.) by extensions ['colcon_pkg']
[1.692s] Level 1:colcon.colcon_core.package_identification:_identify(.) by extension 'colcon_pkg'
[1.693s] Level 1:colcon.colcon_core.package_identification:_identify(.) by extensions ['colcon_meta']
[1.693s] Level 1:colcon.colcon_core.package_identification:_identify(.) by extension 'colcon_meta'
[1.694s] Level 1:colcon.colcon_core.package_identification:_identify(.) by extensions ['ros']
[1.694s] Level 1:colcon.colcon_core.package_identification:_identify(.) by extension 'ros'
[1.781s] Level 1:colcon.colcon_core.package_identification:_identify(.) by extensions ['cmake', 'python']
[1.781s] Level 1:colcon.colcon_core.package_identification:_identify(.) by extension 'cmake'
[1.782s] Level 1:colcon.colcon_core.package_identification:_identify(.) by extension 'python'
[1.782s] Level 1:colcon.colcon_core.package_identification:_identify(.) by extensions ['python_setup_py']
[1.783s] Level 1:colcon.colcon_core.package_identification:_identify(.) by extension 'python_setup_py'
[1.784s] Level 1:colcon.colcon_core.package_identification:_identify(build) by extensions ['ignore', 'ignore_ament_install']
[1.785s] Level 1:colcon.colcon_core.package_identification:_identify(build) by extension 'ignore'
[1.786s] Level 1:colcon.colcon_core.package_identification:_identify(build) ignored
[1.787s] Level 1:colcon.colcon_core.package_identification:_identify(install) by extensions ['ignore', 'ignore_ament_install']
[1.788s] Level 1:colcon.colcon_core.package_identification:_identify(install) by extension 'ignore'
[1.788s] Level 1:colcon.colcon_core.package_identification:_identify(install) ignored
[1.789s] Level 1:colcon.colcon_core.package_identification:_identify(log) by extensions ['ignore', 'ignore_ament_install']
[1.790s] Level 1:colcon.colcon_core.package_identification:_identify(log) by extension 'ignore'
[1.790s] Level 1:colcon.colcon_core.package_identification:_identify(log) ignored
[1.791s] Level 1:colcon.colcon_core.package_identification:_identify(src) by extensions ['ignore', 'ignore_ament_install']
[1.792s] Level 1:colcon.colcon_core.package_identification:_identify(src) by extension 'ignore'
[1.793s] Level 1:colcon.colcon_core.package_identification:_identify(src) by extension 'ignore_ament_install'
[1.793s] Level 1:colcon.colcon_core.package_identification:_identify(src) by extensions ['colcon_pkg']
[1.794s] Level 1:colcon.colcon_core.package_identification:_identify(src) by extension 'colcon_pkg'
[1.794s] Level 1:colcon.colcon_core.package_identification:_identify(src) by extensions ['colcon_meta']
[1.794s] Level 1:colcon.colcon_core.package_identification:_identify(src) by extension 'colcon_meta'
[1.795s] Level 1:colcon.colcon_core.package_identification:_identify(src) by extensions ['ros']
[1.795s] Level 1:colcon.colcon_core.package_identification:_identify(src) by extension 'ros'
[1.796s] Level 1:colcon.colcon_core.package_identification:_identify(src) by extensions ['cmake', 'python']
[1.796s] Level 1:colcon.colcon_core.package_identification:_identify(src) by extension 'cmake'
[1.796s] Level 1:colcon.colcon_core.package_identification:_identify(src) by extension 'python'
[1.797s] Level 1:colcon.colcon_core.package_identification:_identify(src) by extensions ['python_setup_py']
[1.797s] Level 1:colcon.colcon_core.package_identification:_identify(src) by extension 'python_setup_py'
[1.798s] Level 1:colcon.colcon_core.package_identification:_identify(src/encoder_reader) by extensions ['ignore', 'ignore_ament_install']
[1.798s] Level 1:colcon.colcon_core.package_identification:_identify(src/encoder_reader) by extension 'ignore'
[1.799s] Level 1:colcon.colcon_core.package_identification:_identify(src/encoder_reader) by extension 'ignore_ament_install'
[1.799s] Level 1:colcon.colcon_core.package_identification:_identify(src/encoder_reader) by extensions ['colcon_pkg']
[1.800s] Level 1:colcon.colcon_core.package_identification:_identify(src/encoder_reader) by extension 'colcon_pkg'
[1.800s] Level 1:colcon.colcon_core.package_identification:_identify(src/encoder_reader) by extensions ['colcon_meta']
[1.800s] Level 1:colcon.colcon_core.package_identification:_identify(src/encoder_reader) by extension 'colcon_meta'
[1.801s] Level 1:colcon.colcon_core.package_identification:_identify(src/encoder_reader) by extensions ['ros']
[1.801s] Level 1:colcon.colcon_core.package_identification:_identify(src/encoder_reader) by extension 'ros'
[1.823s] DEBUG:colcon.colcon_core.package_identification:Package 'src/encoder_reader' with type 'ros.ament_python' and name 'encoder_reader'
[1.824s] Level 1:colcon.colcon_core.package_identification:_identify(src/rover_control) by extensions ['ignore', 'ignore_ament_install']
[1.825s] Level 1:colcon.colcon_core.package_identification:_identify(src/rover_control) by extension 'ignore'
[1.825s] Level 1:colcon.colcon_core.package_identification:_identify(src/rover_control) by extension 'ignore_ament_install'
[1.826s] Level 1:colcon.colcon_core.package_identification:_identify(src/rover_control) by extensions ['colcon_pkg']
[1.826s] Level 1:colcon.colcon_core.package_identification:_identify(src/rover_control) by extension 'colcon_pkg'
[1.826s] Level 1:colcon.colcon_core.package_identification:_identify(src/rover_control) by extensions ['colcon_meta']
[1.826s] Level 1:colcon.colcon_core.package_identification:_identify(src/rover_control) by extension 'colcon_meta'
[1.827s] Level 1:colcon.colcon_core.package_identification:_identify(src/rover_control) by extensions ['ros']
[1.827s] Level 1:colcon.colcon_core.package_identification:_identify(src/rover_control) by extension 'ros'
[1.831s] DEBUG:colcon.colcon_core.package_identification:Package 'src/rover_control' with type 'ros.ament_python' and name 'rover_control'
[1.832s] Level 1:colcon.colcon_core.package_discovery:discover_packages(recursive) using defaults
[1.833s] Level 1:colcon.colcon_core.package_discovery:discover_packages(ignore) discover
[1.833s] Level 1:colcon.colcon_core.package_discovery:discover_packages(ignore) using defaults
[1.834s] Level 1:colcon.colcon_core.package_discovery:discover_packages(path) discover
[1.834s] Level 1:colcon.colcon_core.package_discovery:discover_packages(path) using defaults
[1.977s] Level 1:colcon.colcon_core.package_discovery:discover_packages(prefix_path) check parameters
[1.977s] Level 1:colcon.colcon_core.package_discovery:discover_packages(prefix_path) discover
[2.045s] DEBUG:colcon.colcon_installed_package_information.package_discovery:Found 2 installed packages in /home/abdul/ros2_ws/install
[2.057s] DEBUG:colcon.colcon_installed_package_information.package_discovery:Found 270 installed packages in /opt/ros/humble
[2.065s] Level 1:colcon.colcon_core.package_discovery:discover_packages(prefix_path) using defaults
[2.253s] Level 5:colcon.colcon_core.verb:set package 'encoder_reader' build argument 'cmake_args' from command line to 'None'
[2.254s] Level 5:colcon.colcon_core.verb:set package 'encoder_reader' build argument 'cmake_target' from command line to 'None'
[2.260s] Level 5:colcon.colcon_core.verb:set package 'encoder_reader' build argument 'cmake_target_skip_unavailable' from command line to 'False'
[2.260s] Level 5:colcon.colcon_core.verb:set package 'encoder_reader' build argument 'cmake_clean_cache' from command line to 'False'
[2.260s] Level 5:colcon.colcon_core.verb:set package 'encoder_reader' build argument 'cmake_clean_first' from command line to 'False'
[2.261s] Level 5:colcon.colcon_core.verb:set package 'encoder_reader' build argument 'cmake_force_configure' from command line to 'False'
[2.261s] Level 5:colcon.colcon_core.verb:set package 'encoder_reader' build argument 'ament_cmake_args' from command line to 'None'
[2.261s] Level 5:colcon.colcon_core.verb:set package 'encoder_reader' build argument 'catkin_cmake_args' from command line to 'None'
[2.261s] Level 5:colcon.colcon_core.verb:set package 'encoder_reader' build argument 'catkin_skip_building_tests' from command line to 'False'
[2.261s] DEBUG:colcon.colcon_core.verb:Building package 'encoder_reader' with the following arguments: {'ament_cmake_args': None, 'build_base': '/home/abdul/ros2_ws/build/encoder_reader', 'catkin_cmake_args': None, 'catkin_skip_building_tests': False, 'cmake_args': None, 'cmake_clean_cache': False, 'cmake_clean_first': False, 'cmake_force_configure': False, 'cmake_target': None, 'cmake_target_skip_unavailable': False, 'install_base': '/home/abdul/ros2_ws/install/encoder_reader', 'merge_install': False, 'path': '/home/abdul/ros2_ws/src/encoder_reader', 'symlink_install': False, 'test_result_base': None}
[2.263s] Level 5:colcon.colcon_core.verb:set package 'rover_control' build argument 'cmake_args' from command line to 'None'
[2.263s] Level 5:colcon.colcon_core.verb:set package 'rover_control' build argument 'cmake_target' from command line to 'None'
[2.263s] Level 5:colcon.colcon_core.verb:set package 'rover_control' build argument 'cmake_target_skip_unavailable' from command line to 'False'
[2.263s] Level 5:colcon.colcon_core.verb:set package 'rover_control' build argument 'cmake_clean_cache' from command line to 'False'
[2.263s] Level 5:colcon.colcon_core.verb:set package 'rover_control' build argument 'cmake_clean_first' from command line to 'False'
[2.263s] Level 5:colcon.colcon_core.verb:set package 'rover_control' build argument 'cmake_force_configure' from command line to 'False'
[2.264s] Level 5:colcon.colcon_core.verb:set package 'rover_control' build argument 'ament_cmake_args' from command line to 'None'
[2.264s] Level 5:colcon.colcon_core.verb:set package 'rover_control' build argument 'catkin_cmake_args' from command line to 'None'
[2.264s] Level 5:colcon.colcon_core.verb:set package 'rover_control' build argument 'catkin_skip_building_tests' from command line to 'False'
[2.264s] DEBUG:colcon.colcon_core.verb:Building package 'rover_control' with the following arguments: {'ament_cmake_args': None, 'build_base': '/home/abdul/ros2_ws/build/rover_control', 'catkin_cmake_args': None, 'catkin_skip_building_tests': False, 'cmake_args': None, 'cmake_clean_cache': False, 'cmake_clean_first': False, 'cmake_force_configure': False, 'cmake_target': None, 'cmake_target_skip_unavailable': False, 'install_base': '/home/abdul/ros2_ws/install/rover_control', 'merge_install': False, 'path': '/home/abdul/ros2_ws/src/rover_control', 'symlink_install': False, 'test_result_base': None}
[2.265s] INFO:colcon.colcon_core.executor:Executing jobs using 'parallel' executor
[2.268s] DEBUG:colcon.colcon_parallel_executor.executor.parallel:run_until_complete
[2.270s] INFO:colcon.colcon_ros.task.ament_python.build:Building ROS package in '/home/abdul/ros2_ws/src/encoder_reader' with build type 'ament_python'
[2.271s] Level 1:colcon.colcon_core.shell:create_environment_hook('encoder_reader', 'ament_prefix_path')
[2.295s] INFO:colcon.colcon_core.plugin_system:Skipping extension 'colcon_core.shell.bat': Not used on non-Windows systems
[2.296s] INFO:colcon.colcon_core.shell:Creating environment hook '/home/abdul/ros2_ws/install/encoder_reader/share/encoder_reader/hook/ament_prefix_path.ps1'
[2.300s] INFO:colcon.colcon_core.shell:Creating environment descriptor '/home/abdul/ros2_ws/install/encoder_reader/share/encoder_reader/hook/ament_prefix_path.dsv'
[2.304s] INFO:colcon.colcon_core.shell:Creating environment hook '/home/abdul/ros2_ws/install/encoder_reader/share/encoder_reader/hook/ament_prefix_path.sh'
[2.308s] INFO:colcon.colcon_core.shell:Skip shell extension 'powershell' for command environment: Not usable outside of PowerShell
[2.309s] DEBUG:colcon.colcon_core.shell:Skip shell extension 'dsv' for command environment
[2.335s] INFO:colcon.colcon_ros.task.ament_python.build:Building ROS package in '/home/abdul/ros2_ws/src/rover_control' with build type 'ament_python'
[2.336s] Level 1:colcon.colcon_core.shell:create_environment_hook('rover_control', 'ament_prefix_path')
[2.338s] INFO:colcon.colcon_core.shell:Creating environment hook '/home/abdul/ros2_ws/install/rover_control/share/rover_control/hook/ament_prefix_path.ps1'
[2.341s] INFO:colcon.colcon_core.shell:Creating environment descriptor '/home/abdul/ros2_ws/install/rover_control/share/rover_control/hook/ament_prefix_path.dsv'
[2.343s] INFO:colcon.colcon_core.shell:Creating environment hook '/home/abdul/ros2_ws/install/rover_control/share/rover_control/hook/ament_prefix_path.sh'
[2.347s] INFO:colcon.colcon_core.shell:Skip shell extension 'powershell' for command environment: Not usable outside of PowerShell
[2.347s] DEBUG:colcon.colcon_core.shell:Skip shell extension 'dsv' for command environment
[3.681s] INFO:colcon.colcon_core.task.python.build:Building Python package in '/home/abdul/ros2_ws/src/encoder_reader'
[3.682s] INFO:colcon.colcon_core.shell:Skip shell extension 'powershell' for command environment: Not usable outside of PowerShell
[3.682s] DEBUG:colcon.colcon_core.shell:Skip shell extension 'dsv' for command environment
[4.967s] INFO:colcon.colcon_core.task.python.build:Building Python package in '/home/abdul/ros2_ws/src/rover_control'
[4.968s] INFO:colcon.colcon_core.shell:Skip shell extension 'powershell' for command environment: Not usable outside of PowerShell
[4.968s] DEBUG:colcon.colcon_core.shell:Skip shell extension 'dsv' for command environment
[7.089s] DEBUG:colcon.colcon_core.event_handler.log_command:Invoking command in '/home/abdul/ros2_ws/src/encoder_reader': PYTHONPATH=/home/abdul/ros2_ws/build/encoder_reader/prefix_override:/home/abdul/ros2_ws/install/encoder_reader/lib/python3.10/site-packages:${PYTHONPATH} /usr/bin/python3 -W ignore:setup.py install is deprecated setup.py egg_info --egg-base ../../build/encoder_reader build --build-base /home/abdul/ros2_ws/build/encoder_reader/build install --record /home/abdul/ros2_ws/build/encoder_reader/install.log --single-version-externally-managed install_data
[7.118s] DEBUG:colcon.colcon_core.event_handler.log_command:Invoking command in '/home/abdul/ros2_ws/src/rover_control': PYTHONPATH=/home/abdul/ros2_ws/build/rover_control/prefix_override:/home/abdul/ros2_ws/install/rover_control/lib/python3.10/site-packages:${PYTHONPATH} /usr/bin/python3 -W ignore:setup.py install is deprecated setup.py egg_info --egg-base ../../build/rover_control build --build-base /home/abdul/ros2_ws/build/rover_control/build install --record /home/abdul/ros2_ws/build/rover_control/install.log --single-version-externally-managed install_data
[8.831s] DEBUG:colcon.colcon_core.event_handler.log_command:Invoked command in '/home/abdul/ros2_ws/src/encoder_reader' returned '0': PYTHONPATH=/home/abdul/ros2_ws/build/encoder_reader/prefix_override:/home/abdul/ros2_ws/install/encoder_reader/lib/python3.10/site-packages:${PYTHONPATH} /usr/bin/python3 -W ignore:setup.py install is deprecated setup.py egg_info --egg-base ../../build/encoder_reader build --build-base /home/abdul/ros2_ws/build/encoder_reader/build install --record /home/abdul/ros2_ws/build/encoder_reader/install.log --single-version-externally-managed install_data
[8.865s] Level 1:colcon.colcon_core.environment:checking '/home/abdul/ros2_ws/install/encoder_reader' for CMake module files
[8.868s] Level 1:colcon.colcon_core.environment:checking '/home/abdul/ros2_ws/install/encoder_reader' for CMake config files
[8.872s] Level 1:colcon.colcon_core.environment:checking '/home/abdul/ros2_ws/install/encoder_reader/lib'
[8.873s] Level 1:colcon.colcon_core.environment:checking '/home/abdul/ros2_ws/install/encoder_reader/bin'
[8.874s] Level 1:colcon.colcon_core.environment:checking '/home/abdul/ros2_ws/install/encoder_reader/lib/pkgconfig/encoder_reader.pc'
[8.875s] Level 1:colcon.colcon_core.environment:checking '/home/abdul/ros2_ws/install/encoder_reader/lib/python3.10/site-packages'
[8.875s] Level 1:colcon.colcon_core.shell:create_environment_hook('encoder_reader', 'pythonpath')
[8.877s] INFO:colcon.colcon_core.shell:Creating environment hook '/home/abdul/ros2_ws/install/encoder_reader/share/encoder_reader/hook/pythonpath.ps1'
[8.880s] INFO:colcon.colcon_core.shell:Creating environment descriptor '/home/abdul/ros2_ws/install/encoder_reader/share/encoder_reader/hook/pythonpath.dsv'
[8.883s] INFO:colcon.colcon_core.shell:Creating environment hook '/home/abdul/ros2_ws/install/encoder_reader/share/encoder_reader/hook/pythonpath.sh'
[8.885s] Level 1:colcon.colcon_core.environment:checking '/home/abdul/ros2_ws/install/encoder_reader/bin'
[8.886s] Level 1:colcon.colcon_core.environment:create_environment_scripts_only(encoder_reader)
[8.887s] INFO:colcon.colcon_core.shell:Creating package script '/home/abdul/ros2_ws/install/encoder_reader/share/encoder_reader/package.ps1'
[8.891s] INFO:colcon.colcon_core.shell:Creating package descriptor '/home/abdul/ros2_ws/install/encoder_reader/share/encoder_reader/package.dsv'
[8.895s] INFO:colcon.colcon_core.shell:Creating package script '/home/abdul/ros2_ws/install/encoder_reader/share/encoder_reader/package.sh'
[8.899s] INFO:colcon.colcon_core.shell:Creating package script '/home/abdul/ros2_ws/install/encoder_reader/share/encoder_reader/package.bash'
[8.903s] INFO:colcon.colcon_core.shell:Creating package script '/home/abdul/ros2_ws/install/encoder_reader/share/encoder_reader/package.zsh'
[8.907s] Level 1:colcon.colcon_core.environment:create_file_with_runtime_dependencies(/home/abdul/ros2_ws/install/encoder_reader/share/colcon-core/packages/encoder_reader)
[8.912s] Level 1:colcon.colcon_core.environment:checking '/home/abdul/ros2_ws/install/rover_control' for CMake module files
[8.914s] DEBUG:colcon.colcon_core.event_handler.log_command:Invoked command in '/home/abdul/ros2_ws/src/rover_control' returned '0': PYTHONPATH=/home/abdul/ros2_ws/build/rover_control/prefix_override:/home/abdul/ros2_ws/install/rover_control/lib/python3.10/site-packages:${PYTHONPATH} /usr/bin/python3 -W ignore:setup.py install is deprecated setup.py egg_info --egg-base ../../build/rover_control build --build-base /home/abdul/ros2_ws/build/rover_control/build install --record /home/abdul/ros2_ws/build/rover_control/install.log --single-version-externally-managed install_data
[8.916s] Level 1:colcon.colcon_core.environment:checking '/home/abdul/ros2_ws/install/rover_control' for CMake config files
[8.920s] Level 1:colcon.colcon_core.environment:checking '/home/abdul/ros2_ws/install/rover_control/lib'
[8.921s] Level 1:colcon.colcon_core.environment:checking '/home/abdul/ros2_ws/install/rover_control/bin'
[8.921s] Level 1:colcon.colcon_core.environment:checking '/home/abdul/ros2_ws/install/rover_control/lib/pkgconfig/rover_control.pc'
[8.922s] Level 1:colcon.colcon_core.environment:checking '/home/abdul/ros2_ws/install/rover_control/lib/python3.10/site-packages'
[8.923s] Level 1:colcon.colcon_core.shell:create_environment_hook('rover_control', 'pythonpath')
[8.924s] INFO:colcon.colcon_core.shell:Creating environment hook '/home/abdul/ros2_ws/install/rover_control/share/rover_control/hook/pythonpath.ps1'
[8.926s] INFO:colcon.colcon_core.shell:Creating environment descriptor '/home/abdul/ros2_ws/install/rover_control/share/rover_control/hook/pythonpath.dsv'
[8.928s] INFO:colcon.colcon_core.shell:Creating environment hook '/home/abdul/ros2_ws/install/rover_control/share/rover_control/hook/pythonpath.sh'
[8.930s] Level 1:colcon.colcon_core.environment:checking '/home/abdul/ros2_ws/install/rover_control/bin'
[8.931s] Level 1:colcon.colcon_core.environment:create_environment_scripts_only(rover_control)
[8.932s] INFO:colcon.colcon_core.shell:Creating package script '/home/abdul/ros2_ws/install/rover_control/share/rover_control/package.ps1'
[8.935s] INFO:colcon.colcon_core.shell:Creating package descriptor '/home/abdul/ros2_ws/install/rover_control/share/rover_control/package.dsv'
[8.938s] INFO:colcon.colcon_core.shell:Creating package script '/home/abdul/ros2_ws/install/rover_control/share/rover_control/package.sh'
[8.940s] INFO:colcon.colcon_core.shell:Creating package script '/home/abdul/ros2_ws/install/rover_control/share/rover_control/package.bash'
[8.942s] INFO:colcon.colcon_core.shell:Creating package script '/home/abdul/ros2_ws/install/rover_control/share/rover_control/package.zsh'
[8.944s] Level 1:colcon.colcon_core.environment:create_file_with_runtime_dependencies(/home/abdul/ros2_ws/install/rover_control/share/colcon-core/packages/rover_control)
[8.945s] DEBUG:colcon.colcon_parallel_executor.executor.parallel:closing loop
[8.946s] DEBUG:colcon.colcon_parallel_executor.executor.parallel:loop closed
[8.947s] DEBUG:colcon.colcon_parallel_executor.executor.parallel:run_until_complete finished with '0'
[8.947s] DEBUG:colcon.colcon_core.event_reactor:joining thread
[8.994s] INFO:colcon.colcon_core.plugin_system:Skipping extension 'colcon_notification.desktop_notification.terminal_notifier': Not used on non-Darwin systems
[8.995s] INFO:colcon.colcon_core.plugin_system:Skipping extension 'colcon_notification.desktop_notification.win32': Not used on non-Windows systems
[8.995s] INFO:colcon.colcon_notification.desktop_notification:Sending desktop notification using 'notify2'
[10.142s] DEBUG:colcon.colcon_core.event_reactor:joined thread
[10.144s] INFO:colcon.colcon_core.shell:Creating prefix script '/home/abdul/ros2_ws/install/local_setup.ps1'
[10.156s] INFO:colcon.colcon_core.shell:Creating prefix util module '/home/abdul/ros2_ws/install/_local_setup_util_ps1.py'
[10.167s] INFO:colcon.colcon_core.shell:Creating prefix chain script '/home/abdul/ros2_ws/install/setup.ps1'
[10.173s] INFO:colcon.colcon_core.shell:Creating prefix script '/home/abdul/ros2_ws/install/local_setup.sh'
[10.177s] INFO:colcon.colcon_core.shell:Creating prefix util module '/home/abdul/ros2_ws/install/_local_setup_util_sh.py'
[10.180s] INFO:colcon.colcon_core.shell:Creating prefix chain script '/home/abdul/ros2_ws/install/setup.sh'
[10.185s] INFO:colcon.colcon_core.shell:Creating prefix script '/home/abdul/ros2_ws/install/local_setup.bash'
[10.188s] INFO:colcon.colcon_core.shell:Creating prefix chain script '/home/abdul/ros2_ws/install/setup.bash'
[10.194s] INFO:colcon.colcon_core.shell:Creating prefix script '/home/abdul/ros2_ws/install/local_setup.zsh'
[10.197s] INFO:colcon.colcon_core.shell:Creating prefix chain script '/home/abdul/ros2_ws/install/setup.zsh'
