[4.477s] Invoking command in '/home/abdul/ros2_ws/src/rover_control': PYTHONPATH=/home/abdul/ros2_ws/build/rover_control/prefix_override:/home/abdul/ros2_ws/install/rover_control/lib/python3.10/site-packages:${PYTHONPATH} /usr/bin/python3 -W ignore:setup.py install is deprecated setup.py egg_info --egg-base ../../build/rover_control build --build-base /home/abdul/ros2_ws/build/rover_control/build install --record /home/abdul/ros2_ws/build/rover_control/install.log --single-version-externally-managed install_data
[5.800s] running egg_info
[5.803s] writing ../../build/rover_control/rover_control.egg-info/PKG-INFO
[5.808s] writing dependency_links to ../../build/rover_control/rover_control.egg-info/dependency_links.txt
[5.809s] writing entry points to ../../build/rover_control/rover_control.egg-info/entry_points.txt
[5.810s] writing requirements to ../../build/rover_control/rover_control.egg-info/requires.txt
[5.812s] writing top-level names to ../../build/rover_control/rover_control.egg-info/top_level.txt
[5.817s] reading manifest file '../../build/rover_control/rover_control.egg-info/SOURCES.txt'
[5.825s] writing manifest file '../../build/rover_control/rover_control.egg-info/SOURCES.txt'
[5.827s] running build
[5.828s] running build_py
[5.828s] running install
[5.829s] running install_lib
[5.834s] running install_data
[5.835s] running install_egg_info
[5.854s] removing '/home/abdul/ros2_ws/install/rover_control/lib/python3.10/site-packages/rover_control-0.0.0-py3.10.egg-info' (and everything under it)
[5.855s] Copying ../../build/rover_control/rover_control.egg-info to /home/abdul/ros2_ws/install/rover_control/lib/python3.10/site-packages/rover_control-0.0.0-py3.10.egg-info
[5.856s] running install_scripts
[5.962s] Installing rover_control_node script to /home/abdul/ros2_ws/install/rover_control/lib/rover_control
[5.966s] writing list of installed files to '/home/abdul/ros2_ws/build/rover_control/install.log'
[6.205s] Invoked command in '/home/abdul/ros2_ws/src/rover_control' returned '0': PYTHONPATH=/home/abdul/ros2_ws/build/rover_control/prefix_override:/home/abdul/ros2_ws/install/rover_control/lib/python3.10/site-packages:${PYTHONPATH} /usr/bin/python3 -W ignore:setup.py install is deprecated setup.py egg_info --egg-base ../../build/rover_control build --build-base /home/abdul/ros2_ws/build/rover_control/build install --record /home/abdul/ros2_ws/build/rover_control/install.log --single-version-externally-managed install_data
