[6.172s] Invoking command in '/home/abdul/ros2_ws/src/encoder_reader': PYTHONPATH=/home/abdul/ros2_ws/build/encoder_reader/prefix_override:/home/abdul/ros2_ws/install/encoder_reader/lib/python3.10/site-packages:${PYTHONPATH} /usr/bin/python3 -W ignore:setup.py install is deprecated setup.py egg_info --egg-base ../../build/encoder_reader build --build-base /home/abdul/ros2_ws/build/encoder_reader/build install --record /home/abdul/ros2_ws/build/encoder_reader/install.log --single-version-externally-managed install_data
[8.605s] running egg_info
[8.608s] writing ../../build/encoder_reader/encoder_reader.egg-info/PKG-INFO
[8.611s] writing dependency_links to ../../build/encoder_reader/encoder_reader.egg-info/dependency_links.txt
[8.612s] writing entry points to ../../build/encoder_reader/encoder_reader.egg-info/entry_points.txt
[8.613s] writing requirements to ../../build/encoder_reader/encoder_reader.egg-info/requires.txt
[8.613s] writing top-level names to ../../build/encoder_reader/encoder_reader.egg-info/top_level.txt
[8.645s] reading manifest file '../../build/encoder_reader/encoder_reader.egg-info/SOURCES.txt'
[8.656s] writing manifest file '../../build/encoder_reader/encoder_reader.egg-info/SOURCES.txt'
[8.656s] running build
[8.656s] running build_py
[8.669s] copying encoder_reader/encoder_reader_node.py -> /home/abdul/ros2_ws/build/encoder_reader/build/lib/encoder_reader
[8.678s] running install
[8.681s] running install_lib
[8.688s] copying /home/abdul/ros2_ws/build/encoder_reader/build/lib/encoder_reader/encoder_reader_node.py -> /home/abdul/ros2_ws/install/encoder_reader/lib/python3.10/site-packages/encoder_reader
[8.717s] byte-compiling /home/abdul/ros2_ws/install/encoder_reader/lib/python3.10/site-packages/encoder_reader/encoder_reader_node.py to encoder_reader_node.cpython-310.pyc
[8.741s] running install_data
[8.742s] running install_egg_info
[8.743s] removing '/home/abdul/ros2_ws/install/encoder_reader/lib/python3.10/site-packages/encoder_reader-0.0.0-py3.10.egg-info' (and everything under it)
[8.743s] Copying ../../build/encoder_reader/encoder_reader.egg-info to /home/abdul/ros2_ws/install/encoder_reader/lib/python3.10/site-packages/encoder_reader-0.0.0-py3.10.egg-info
[8.754s] running install_scripts
[9.503s] Installing encoder_reader_node script to /home/abdul/ros2_ws/install/encoder_reader/lib/encoder_reader
[9.521s] writing list of installed files to '/home/abdul/ros2_ws/build/encoder_reader/install.log'
[9.984s] Invoked command in '/home/abdul/ros2_ws/src/encoder_reader' returned '0': PYTHONPATH=/home/abdul/ros2_ws/build/encoder_reader/prefix_override:/home/abdul/ros2_ws/install/encoder_reader/lib/python3.10/site-packages:${PYTHONPATH} /usr/bin/python3 -W ignore:setup.py install is deprecated setup.py egg_info --egg-base ../../build/encoder_reader build --build-base /home/abdul/ros2_ws/build/encoder_reader/build install --record /home/abdul/ros2_ws/build/encoder_reader/install.log --single-version-externally-managed install_data
