[3.035s] Invoking command in '/home/abdul/ros2_ws/build/rover_control': PYTHONPATH=/home/abdul/ros2_ws/build/rover_control/prefix_override:/home/abdul/ros2_ws/install/rover_control/lib/python3.10/site-packages:${PYTHONPATH} /usr/bin/python3 -W ignore:setup.py install is deprecated setup.py develop --editable --build-directory /home/abdul/ros2_ws/build/rover_control/build --no-deps symlink_data --force
[4.291s] running develop
[4.297s] /usr/lib/python3/dist-packages/setuptools/command/easy_install.py:158: EasyInstallDeprecationWarning: easy_install command is deprecated. Use build and pip and other standards-based tools.
[4.298s]   warnings.warn(
[5.118s] running egg_info
[5.118s] writing rover_control.egg-info/PKG-INFO
[5.120s] writing dependency_links to rover_control.egg-info/dependency_links.txt
[5.120s] writing entry points to rover_control.egg-info/entry_points.txt
[5.121s] writing requirements to rover_control.egg-info/requires.txt
[5.122s] writing top-level names to rover_control.egg-info/top_level.txt
[5.130s] reading manifest file 'rover_control.egg-info/SOURCES.txt'
[5.135s] writing manifest file 'rover_control.egg-info/SOURCES.txt'
[5.142s] running build_ext
[5.142s] Creating /home/abdul/ros2_ws/install/rover_control/lib/python3.10/site-packages/rover-control.egg-link (link to .)
[5.146s] Installing rover_control_node script to /home/abdul/ros2_ws/install/rover_control/lib/rover_control
[5.147s] 
[5.148s] Installed /home/abdul/ros2_ws/build/rover_control
[5.148s] running symlink_data
[5.149s] symbolically linking /home/abdul/ros2_ws/build/rover_control/resource/rover_control -> /home/abdul/ros2_ws/install/rover_control/share/ament_index/resource_index/packages
[5.152s] symbolically linking /home/abdul/ros2_ws/build/rover_control/package.xml -> /home/abdul/ros2_ws/install/rover_control/share/rover_control
[5.302s] Invoked command in '/home/abdul/ros2_ws/build/rover_control' returned '0': PYTHONPATH=/home/abdul/ros2_ws/build/rover_control/prefix_override:/home/abdul/ros2_ws/install/rover_control/lib/python3.10/site-packages:${PYTHONPATH} /usr/bin/python3 -W ignore:setup.py install is deprecated setup.py develop --editable --build-directory /home/abdul/ros2_ws/build/rover_control/build --no-deps symlink_data --force
