[5.174s] Invoking command in '/home/abdul/ros2_ws/src/encoder_reader': PYTHONPATH=/home/abdul/ros2_ws/build/encoder_reader/prefix_override:/home/abdul/ros2_ws/install/encoder_reader/lib/python3.10/site-packages:${PYTHONPATH} /usr/bin/python3 -W ignore:setup.py install is deprecated setup.py egg_info --egg-base ../../build/encoder_reader build --build-base /home/abdul/ros2_ws/build/encoder_reader/build install --record /home/abdul/ros2_ws/build/encoder_reader/install.log --single-version-externally-managed install_data
[6.727s] running egg_info
[6.742s] writing ../../build/encoder_reader/encoder_reader.egg-info/PKG-INFO
[6.743s] writing dependency_links to ../../build/encoder_reader/encoder_reader.egg-info/dependency_links.txt
[6.743s] writing entry points to ../../build/encoder_reader/encoder_reader.egg-info/entry_points.txt
[6.744s] writing requirements to ../../build/encoder_reader/encoder_reader.egg-info/requires.txt
[6.745s] writing top-level names to ../../build/encoder_reader/encoder_reader.egg-info/top_level.txt
[6.758s] reading manifest file '../../build/encoder_reader/encoder_reader.egg-info/SOURCES.txt'
[6.775s] writing manifest file '../../build/encoder_reader/encoder_reader.egg-info/SOURCES.txt'
[6.778s] running build
[6.780s] running build_py
[6.782s] running install
[6.783s] running install_lib
[6.794s] running install_data
[6.802s] running install_egg_info
[6.810s] removing '/home/abdul/ros2_ws/install/encoder_reader/lib/python3.10/site-packages/encoder_reader-0.0.0-py3.10.egg-info' (and everything under it)
[6.830s] Copying ../../build/encoder_reader/encoder_reader.egg-info to /home/abdul/ros2_ws/install/encoder_reader/lib/python3.10/site-packages/encoder_reader-0.0.0-py3.10.egg-info
[6.845s] running install_scripts
[7.014s] Installing encoder_reader_node script to /home/abdul/ros2_ws/install/encoder_reader/lib/encoder_reader
[7.018s] writing list of installed files to '/home/abdul/ros2_ws/build/encoder_reader/install.log'
[7.313s] Invoked command in '/home/abdul/ros2_ws/src/encoder_reader' returned '0': PYTHONPATH=/home/abdul/ros2_ws/build/encoder_reader/prefix_override:/home/abdul/ros2_ws/install/encoder_reader/lib/python3.10/site-packages:${PYTHONPATH} /usr/bin/python3 -W ignore:setup.py install is deprecated setup.py egg_info --egg-base ../../build/encoder_reader build --build-base /home/abdul/ros2_ws/build/encoder_reader/build install --record /home/abdul/ros2_ws/build/encoder_reader/install.log --single-version-externally-managed install_data
