[2.832s] Invoking command in '/home/abdul/ros2_ws/build/rover_control': PYTHONPATH=/home/abdul/ros2_ws/build/rover_control/prefix_override:/home/abdul/ros2_ws/install/rover_control/lib/python3.10/site-packages:${PYTHONPATH} /usr/bin/python3 -W ignore:setup.py install is deprecated setup.py develop --uninstall --editable --build-directory /home/abdul/ros2_ws/build/rover_control/build
[4.064s] running develop
[4.065s] /usr/lib/python3/dist-packages/setuptools/command/easy_install.py:158: EasyInstallDeprecationWarning: easy_install command is deprecated. Use build and pip and other standards-based tools.
[4.066s]   warnings.warn(
[4.911s] Removing /home/abdul/ros2_ws/install/rover_control/lib/python3.10/site-packages/rover-control.egg-link (link to .)
[5.055s] Invoked command in '/home/abdul/ros2_ws/build/rover_control' returned '0': PYTHONPATH=/home/abdul/ros2_ws/build/rover_control/prefix_override:/home/abdul/ros2_ws/install/rover_control/lib/python3.10/site-packages:${PYTHONPATH} /usr/bin/python3 -W ignore:setup.py install is deprecated setup.py develop --uninstall --editable --build-directory /home/abdul/ros2_ws/build/rover_control/build
[5.064s] Invoking command in '/home/abdul/ros2_ws/src/rover_control': PYTHONPATH=/home/abdul/ros2_ws/build/rover_control/prefix_override:/home/abdul/ros2_ws/install/rover_control/lib/python3.10/site-packages:${PYTHONPATH} /usr/bin/python3 -W ignore:setup.py install is deprecated setup.py egg_info --egg-base ../../build/rover_control build --build-base /home/abdul/ros2_ws/build/rover_control/build install --record /home/abdul/ros2_ws/build/rover_control/install.log --single-version-externally-managed install_data --force
[6.194s] running egg_info
[6.197s] writing ../../build/rover_control/rover_control.egg-info/PKG-INFO
[6.199s] writing dependency_links to ../../build/rover_control/rover_control.egg-info/dependency_links.txt
[6.200s] writing entry points to ../../build/rover_control/rover_control.egg-info/entry_points.txt
[6.200s] writing requirements to ../../build/rover_control/rover_control.egg-info/requires.txt
[6.201s] writing top-level names to ../../build/rover_control/rover_control.egg-info/top_level.txt
[6.210s] reading manifest file '../../build/rover_control/rover_control.egg-info/SOURCES.txt'
[6.213s] writing manifest file '../../build/rover_control/rover_control.egg-info/SOURCES.txt'
[6.214s] running build
[6.214s] running build_py
[6.222s] copying rover_control/rover_control_node.py -> /home/abdul/ros2_ws/build/rover_control/build/lib/rover_control
[6.225s] running install
[6.227s] running install_lib
[6.232s] creating /home/abdul/ros2_ws/install/rover_control/lib/python3.10/site-packages/rover_control
[6.233s] copying /home/abdul/ros2_ws/build/rover_control/build/lib/rover_control/rover_control_node.py -> /home/abdul/ros2_ws/install/rover_control/lib/python3.10/site-packages/rover_control
[6.234s] copying /home/abdul/ros2_ws/build/rover_control/build/lib/rover_control/__init__.py -> /home/abdul/ros2_ws/install/rover_control/lib/python3.10/site-packages/rover_control
[6.238s] byte-compiling /home/abdul/ros2_ws/install/rover_control/lib/python3.10/site-packages/rover_control/rover_control_node.py to rover_control_node.cpython-310.pyc
[6.243s] byte-compiling /home/abdul/ros2_ws/install/rover_control/lib/python3.10/site-packages/rover_control/__init__.py to __init__.cpython-310.pyc
[6.243s] running install_data
[6.244s] copying resource/rover_control -> /home/abdul/ros2_ws/install/rover_control/share/ament_index/resource_index/packages
[6.245s] copying package.xml -> /home/abdul/ros2_ws/install/rover_control/share/rover_control
[6.245s] running install_egg_info
[6.253s] Copying ../../build/rover_control/rover_control.egg-info to /home/abdul/ros2_ws/install/rover_control/lib/python3.10/site-packages/rover_control-0.0.0-py3.10.egg-info
[6.262s] running install_scripts
[6.347s] Installing rover_control_node script to /home/abdul/ros2_ws/install/rover_control/lib/rover_control
[6.350s] writing list of installed files to '/home/abdul/ros2_ws/build/rover_control/install.log'
[6.479s] Invoked command in '/home/abdul/ros2_ws/src/rover_control' returned '0': PYTHONPATH=/home/abdul/ros2_ws/build/rover_control/prefix_override:/home/abdul/ros2_ws/install/rover_control/lib/python3.10/site-packages:${PYTHONPATH} /usr/bin/python3 -W ignore:setup.py install is deprecated setup.py egg_info --egg-base ../../build/rover_control build --build-base /home/abdul/ros2_ws/build/rover_control/build install --record /home/abdul/ros2_ws/build/rover_control/install.log --single-version-externally-managed install_data --force
